<?xml version="1.0" encoding="UTF-8"?>
<coverage generated="1643035685019" clover="3.2.0">
  <project timestamp="1643035685019" name="All files">
    <metrics statements="367" coveredstatements="315" conditionals="106" coveredconditionals="60" methods="122" coveredmethods="90" elements="595" coveredelements="465" complexity="0" loc="367" ncloc="367" packages="13" files="44" classes="44"/>
    <package name="src.Context">
      <metrics statements="10" coveredstatements="9" conditionals="4" coveredconditionals="1" methods="3" coveredmethods="3"/>
      <file name="CryptoContext.js" path="/home/deshka/repos/stock-market-dashboard/src/Context/CryptoContext.js">
        <metrics statements="10" coveredstatements="9" conditionals="4" coveredconditionals="1" methods="3" coveredmethods="3"/>
        <line num="3" count="8" type="stmt"/>
        <line num="5" count="8" type="stmt"/>
        <line num="6" count="43" type="stmt"/>
        <line num="7" count="43" type="stmt"/>
        <line num="9" count="43" type="stmt"/>
        <line num="10" count="43" type="cond" truecount="1" falsecount="1"/>
        <line num="11" count="0" type="cond" truecount="0" falsecount="2"/>
        <line num="14" count="43" type="stmt"/>
        <line num="23" count="8" type="stmt"/>
        <line num="24" count="109" type="stmt"/>
      </file>
    </package>
    <package name="src.components">
      <metrics statements="106" coveredstatements="94" conditionals="36" coveredconditionals="24" methods="32" coveredmethods="24"/>
      <file name="CoinInfo.jsx" path="/home/deshka/repos/stock-market-dashboard/src/components/CoinInfo.jsx">
        <metrics statements="23" coveredstatements="21" conditionals="8" coveredconditionals="5" methods="8" coveredmethods="7"/>
        <line num="19" count="8" type="stmt"/>
        <line num="20" count="2" type="stmt"/>
        <line num="21" count="2" type="stmt"/>
        <line num="22" count="2" type="stmt"/>
        <line num="23" count="2" type="stmt"/>
        <line num="25" count="2" type="stmt"/>
        <line num="27" count="2" type="stmt"/>
        <line num="28" count="1" type="stmt"/>
        <line num="30" count="1" type="stmt"/>
        <line num="31" count="1" type="stmt"/>
        <line num="32" count="1" type="cond" truecount="1" falsecount="1"/>
        <line num="33" count="1" type="stmt"/>
        <line num="36" count="1" type="stmt"/>
        <line num="37" count="1" type="stmt"/>
        <line num="38" count="1" type="stmt"/>
        <line num="41" count="2" type="stmt"/>
        <line num="51" count="2" type="stmt"/>
        <line num="53" count="2" type="cond" truecount="1" falsecount="1"/>
        <line num="56" count="2" type="cond" truecount="1" falsecount="1"/>
        <line num="61" count="2" type="stmt"/>
        <line num="77" count="4" type="stmt"/>
        <line num="80" count="0" type="stmt"/>
        <line num="81" count="0" type="stmt"/>
      </file>
      <file name="CoinInfo.styles.jsx" path="/home/deshka/repos/stock-market-dashboard/src/components/CoinInfo.styles.jsx">
        <metrics statements="4" coveredstatements="4" conditionals="0" coveredconditionals="0" methods="1" coveredmethods="1"/>
        <line num="4" count="8" type="stmt"/>
        <line num="14" count="8" type="stmt"/>
        <line num="25" count="8" type="stmt"/>
        <line num="29" count="8" type="stmt"/>
      </file>
      <file name="CoinsTable.jsx" path="/home/deshka/repos/stock-market-dashboard/src/components/CoinsTable.jsx">
        <metrics statements="32" coveredstatements="28" conditionals="12" coveredconditionals="9" methods="12" coveredmethods="9"/>
        <line num="31" count="8" type="stmt"/>
        <line num="32" count="46" type="stmt"/>
        <line num="33" count="46" type="stmt"/>
        <line num="39" count="46" type="stmt"/>
        <line num="40" count="46" type="stmt"/>
        <line num="41" count="46" type="stmt"/>
        <line num="43" count="46" type="stmt"/>
        <line num="44" count="46" type="stmt"/>
        <line num="46" count="46" type="stmt"/>
        <line num="47" count="15" type="stmt"/>
        <line num="49" count="15" type="stmt"/>
        <line num="50" count="15" type="stmt"/>
        <line num="51" count="15" type="stmt"/>
        <line num="52" count="13" type="cond" truecount="2" falsecount="0"/>
        <line num="53" count="8" type="stmt"/>
        <line num="54" count="8" type="stmt"/>
        <line num="57" count="15" type="stmt"/>
        <line num="58" count="15" type="stmt"/>
        <line num="59" count="15" type="stmt"/>
        <line num="63" count="46" type="stmt"/>
        <line num="65" count="46" type="stmt"/>
        <line num="66" count="69" type="stmt"/>
        <line num="68" count="24" type="cond" truecount="1" falsecount="1"/>
        <line num="73" count="46" type="stmt"/>
        <line num="82" count="0" type="stmt"/>
        <line num="93" count="92" type="stmt"/>
        <line num="107" count="8" type="stmt"/>
        <line num="108" count="8" type="stmt"/>
        <line num="110" count="0" type="stmt"/>
        <line num="145" count="0" type="stmt"/>
        <line num="146" count="0" type="stmt"/>
        <line num="155" count="27" type="stmt"/>
      </file>
      <file name="CoinsTable.styles.jsx" path="/home/deshka/repos/stock-market-dashboard/src/components/CoinsTable.styles.jsx">
        <metrics statements="21" coveredstatements="21" conditionals="2" coveredconditionals="1" methods="1" coveredmethods="1"/>
        <line num="17" count="8" type="stmt"/>
        <line num="26" count="8" type="stmt"/>
        <line num="30" count="8" type="stmt"/>
        <line num="38" count="8" type="stmt"/>
        <line num="43" count="8" type="stmt"/>
        <line num="48" count="8" type="stmt"/>
        <line num="52" count="8" type="stmt"/>
        <line num="58" count="8" type="stmt"/>
        <line num="67" count="8" type="stmt"/>
        <line num="72" count="8" type="stmt"/>
        <line num="77" count="8" type="stmt"/>
        <line num="82" count="8" type="stmt"/>
        <line num="87" count="8" type="stmt"/>
        <line num="91" count="8" type="stmt"/>
        <line num="92" count="8" type="cond" truecount="1" falsecount="1"/>
        <line num="96" count="8" type="stmt"/>
        <line num="103" count="8" type="stmt"/>
        <line num="104" count="8" type="stmt"/>
        <line num="105" count="8" type="stmt"/>
        <line num="106" count="8" type="stmt"/>
        <line num="107" count="8" type="stmt"/>
      </file>
      <file name="Header.jsx" path="/home/deshka/repos/stock-market-dashboard/src/components/Header.jsx">
        <metrics statements="8" coveredstatements="6" conditionals="0" coveredconditionals="0" methods="4" coveredmethods="2"/>
        <line num="18" count="8" type="stmt"/>
        <line num="19" count="36" type="stmt"/>
        <line num="21" count="36" type="stmt"/>
        <line num="22" count="36" type="stmt"/>
        <line num="24" count="36" type="stmt"/>
        <line num="26" count="36" type="stmt"/>
        <line num="32" count="0" type="stmt"/>
        <line num="45" count="0" type="stmt"/>
      </file>
      <file name="Header.styles.jsx" path="/home/deshka/repos/stock-market-dashboard/src/components/Header.styles.jsx">
        <metrics statements="7" coveredstatements="7" conditionals="0" coveredconditionals="0" methods="0" coveredmethods="0"/>
        <line num="12" count="8" type="stmt"/>
        <line num="21" count="8" type="stmt"/>
        <line num="27" count="8" type="stmt"/>
        <line num="32" count="8" type="stmt"/>
        <line num="33" count="8" type="stmt"/>
        <line num="34" count="8" type="stmt"/>
        <line num="35" count="8" type="stmt"/>
      </file>
      <file name="ProtectedRoute.jsx" path="/home/deshka/repos/stock-market-dashboard/src/components/ProtectedRoute.jsx">
        <metrics statements="5" coveredstatements="1" conditionals="2" coveredconditionals="0" methods="2" coveredmethods="0"/>
        <line num="6" count="8" type="stmt"/>
        <line num="7" count="0" type="stmt"/>
        <line num="9" count="0" type="cond" truecount="0" falsecount="2"/>
        <line num="10" count="0" type="stmt"/>
        <line num="13" count="0" type="stmt"/>
      </file>
      <file name="SelectButton.jsx" path="/home/deshka/repos/stock-market-dashboard/src/components/SelectButton.jsx">
        <metrics statements="2" coveredstatements="2" conditionals="6" coveredconditionals="6" methods="1" coveredmethods="1"/>
        <line num="4" count="8" type="stmt"/>
        <line num="5" count="4" type="stmt"/>
      </file>
      <file name="SelectButton.styles.jsx" path="/home/deshka/repos/stock-market-dashboard/src/components/SelectButton.styles.jsx">
        <metrics statements="4" coveredstatements="4" conditionals="6" coveredconditionals="3" methods="3" coveredmethods="3"/>
        <line num="3" count="8" type="stmt"/>
        <line num="11" count="4" type="cond" truecount="1" falsecount="1"/>
        <line num="12" count="4" type="cond" truecount="1" falsecount="1"/>
        <line num="13" count="4" type="cond" truecount="1" falsecount="1"/>
      </file>
      <file name="index.js" path="/home/deshka/repos/stock-market-dashboard/src/components/index.js">
        <metrics statements="0" coveredstatements="0" conditionals="0" coveredconditionals="0" methods="0" coveredmethods="0"/>
      </file>
    </package>
    <package name="src.components.Banner">
      <metrics statements="34" coveredstatements="34" conditionals="6" coveredconditionals="4" methods="9" coveredmethods="9"/>
      <file name="Banner.jsx" path="/home/deshka/repos/stock-market-dashboard/src/components/Banner/Banner.jsx">
        <metrics statements="2" coveredstatements="2" conditionals="0" coveredconditionals="0" methods="1" coveredmethods="1"/>
        <line num="11" count="8" type="stmt"/>
        <line num="12" count="15" type="stmt"/>
      </file>
      <file name="Banner.styles.jsx" path="/home/deshka/repos/stock-market-dashboard/src/components/Banner/Banner.styles.jsx">
        <metrics statements="5" coveredstatements="5" conditionals="0" coveredconditionals="0" methods="0" coveredmethods="0"/>
        <line num="4" count="8" type="stmt"/>
        <line num="8" count="8" type="stmt"/>
        <line num="15" count="8" type="stmt"/>
        <line num="23" count="8" type="stmt"/>
        <line num="29" count="8" type="stmt"/>
      </file>
      <file name="Carousel.jsx" path="/home/deshka/repos/stock-market-dashboard/src/components/Banner/Carousel.jsx">
        <metrics statements="16" coveredstatements="16" conditionals="4" coveredconditionals="3" methods="5" coveredmethods="5"/>
        <line num="17" count="8" type="stmt"/>
        <line num="18" count="23" type="stmt"/>
        <line num="19" count="23" type="stmt"/>
        <line num="21" count="23" type="stmt"/>
        <line num="22" count="15" type="stmt"/>
        <line num="23" count="15" type="stmt"/>
        <line num="24" count="15" type="stmt"/>
        <line num="26" count="13" type="cond" truecount="2" falsecount="0"/>
        <line num="27" count="8" type="stmt"/>
        <line num="31" count="15" type="stmt"/>
        <line num="32" count="15" type="stmt"/>
        <line num="33" count="15" type="stmt"/>
        <line num="37" count="23" type="stmt"/>
        <line num="38" count="8" type="stmt"/>
        <line num="39" count="8" type="stmt"/>
        <line num="57" count="23" type="stmt"/>
      </file>
      <file name="Carousel.styles.jsx" path="/home/deshka/repos/stock-market-dashboard/src/components/Banner/Carousel.styles.jsx">
        <metrics statements="11" coveredstatements="11" conditionals="2" coveredconditionals="1" methods="3" coveredmethods="3"/>
        <line num="5" count="8" type="stmt"/>
        <line num="13" count="8" type="stmt"/>
        <line num="22" count="8" type="stmt"/>
        <line num="23" count="24" type="stmt"/>
        <line num="24" count="24" type="stmt"/>
        <line num="29" count="8" type="stmt"/>
        <line num="34" count="8" type="stmt"/>
        <line num="36" count="24" type="cond" truecount="1" falsecount="1"/>
        <line num="39" count="8" type="stmt"/>
        <line num="40" count="8" type="stmt"/>
        <line num="42" count="8" type="stmt"/>
      </file>
    </package>
    <package name="src.components.Form.Container">
      <metrics statements="3" coveredstatements="3" conditionals="0" coveredconditionals="0" methods="0" coveredmethods="0"/>
      <file name="Container.styles.jsx" path="/home/deshka/repos/stock-market-dashboard/src/components/Form/Container/Container.styles.jsx">
        <metrics statements="3" coveredstatements="3" conditionals="0" coveredconditionals="0" methods="0" coveredmethods="0"/>
        <line num="3" count="8" type="stmt"/>
        <line num="9" count="8" type="stmt"/>
        <line num="16" count="8" type="stmt"/>
      </file>
    </package>
    <package name="src.components.Form.Form">
      <metrics statements="11" coveredstatements="11" conditionals="2" coveredconditionals="2" methods="1" coveredmethods="1"/>
      <file name="Form.styles.jsx" path="/home/deshka/repos/stock-market-dashboard/src/components/Form/Form/Form.styles.jsx">
        <metrics statements="11" coveredstatements="11" conditionals="2" coveredconditionals="2" methods="1" coveredmethods="1"/>
        <line num="4" count="8" type="stmt"/>
        <line num="10" count="8" type="stmt"/>
        <line num="16" count="8" type="stmt"/>
        <line num="24" count="8" type="stmt"/>
        <line num="32" count="8" type="stmt"/>
        <line num="40" count="274" type="cond" truecount="2" falsecount="0"/>
        <line num="45" count="8" type="stmt"/>
        <line num="49" count="8" type="stmt"/>
        <line num="60" count="8" type="stmt"/>
        <line num="67" count="8" type="stmt"/>
        <line num="71" count="8" type="stmt"/>
      </file>
    </package>
    <package name="src.components.Modal">
      <metrics statements="16" coveredstatements="14" conditionals="2" coveredconditionals="2" methods="5" coveredmethods="3"/>
      <file name="Modal.jsx" path="/home/deshka/repos/stock-market-dashboard/src/components/Modal/Modal.jsx">
        <metrics statements="11" coveredstatements="9" conditionals="2" coveredconditionals="2" methods="5" coveredmethods="3"/>
        <line num="12" count="8" type="stmt"/>
        <line num="13" count="13" type="stmt"/>
        <line num="14" count="0" type="stmt"/>
        <line num="17" count="13" type="cond" truecount="2" falsecount="0"/>
        <line num="18" count="12" type="stmt"/>
        <line num="21" count="1" type="stmt"/>
        <line num="31" count="8" type="stmt"/>
        <line num="32" count="13" type="stmt"/>
        <line num="37" count="8" type="stmt"/>
        <line num="38" count="13" type="stmt"/>
        <line num="39" count="0" type="stmt"/>
      </file>
      <file name="Modal.styles.jsx" path="/home/deshka/repos/stock-market-dashboard/src/components/Modal/Modal.styles.jsx">
        <metrics statements="5" coveredstatements="5" conditionals="0" coveredconditionals="0" methods="0" coveredmethods="0"/>
        <line num="3" count="8" type="stmt"/>
        <line num="16" count="8" type="stmt"/>
        <line num="25" count="8" type="stmt"/>
        <line num="32" count="8" type="stmt"/>
        <line num="39" count="8" type="stmt"/>
      </file>
    </package>
    <package name="src.components.User">
      <metrics statements="12" coveredstatements="12" conditionals="0" coveredconditionals="0" methods="0" coveredmethods="0"/>
      <file name="User.styles.jsx" path="/home/deshka/repos/stock-market-dashboard/src/components/User/User.styles.jsx">
        <metrics statements="12" coveredstatements="12" conditionals="0" coveredconditionals="0" methods="0" coveredmethods="0"/>
        <line num="4" count="8" type="stmt"/>
        <line num="15" count="8" type="stmt"/>
        <line num="25" count="8" type="stmt"/>
        <line num="48" count="8" type="stmt"/>
        <line num="56" count="8" type="stmt"/>
        <line num="60" count="8" type="stmt"/>
        <line num="70" count="8" type="stmt"/>
        <line num="79" count="8" type="stmt"/>
        <line num="84" count="8" type="stmt"/>
        <line num="109" count="8" type="stmt"/>
        <line num="115" count="8" type="stmt"/>
        <line num="120" count="8" type="stmt"/>
      </file>
    </package>
    <package name="src.config">
      <metrics statements="8" coveredstatements="8" conditionals="1" coveredconditionals="0" methods="4" coveredmethods="4"/>
      <file name="api.js" path="/home/deshka/repos/stock-market-dashboard/src/config/api.js">
        <metrics statements="7" coveredstatements="7" conditionals="1" coveredconditionals="0" methods="4" coveredmethods="4"/>
        <line num="1" count="8" type="stmt"/>
        <line num="2" count="15" type="stmt"/>
        <line num="4" count="8" type="stmt"/>
        <line num="6" count="8" type="cond" truecount="0" falsecount="1"/>
        <line num="7" count="1" type="stmt"/>
        <line num="9" count="8" type="stmt"/>
        <line num="10" count="15" type="stmt"/>
      </file>
      <file name="data.js" path="/home/deshka/repos/stock-market-dashboard/src/config/data.js">
        <metrics statements="1" coveredstatements="1" conditionals="0" coveredconditionals="0" methods="0" coveredmethods="0"/>
        <line num="1" count="8" type="stmt"/>
      </file>
    </package>
    <package name="src.pages">
      <metrics statements="76" coveredstatements="73" conditionals="22" coveredconditionals="19" methods="30" coveredmethods="27"/>
      <file name="CoinPage.jsx" path="/home/deshka/repos/stock-market-dashboard/src/pages/CoinPage.jsx">
        <metrics statements="16" coveredstatements="16" conditionals="4" coveredconditionals="3" methods="4" coveredmethods="4"/>
        <line num="20" count="5" type="stmt"/>
        <line num="21" count="2" type="stmt"/>
        <line num="22" count="2" type="stmt"/>
        <line num="24" count="2" type="stmt"/>
        <line num="26" count="2" type="stmt"/>
        <line num="27" count="1" type="stmt"/>
        <line num="29" count="1" type="stmt"/>
        <line num="30" count="1" type="stmt"/>
        <line num="33" count="1" type="cond" truecount="1" falsecount="1"/>
        <line num="34" count="1" type="stmt"/>
        <line num="37" count="1" type="stmt"/>
        <line num="38" count="1" type="stmt"/>
        <line num="39" count="1" type="stmt"/>
        <line num="42" count="2" type="stmt"/>
        <line num="44" count="2" type="cond" truecount="2" falsecount="0"/>
        <line num="46" count="1" type="stmt"/>
      </file>
      <file name="CoinPage.styles.jsx" path="/home/deshka/repos/stock-market-dashboard/src/pages/CoinPage.styles.jsx">
        <metrics statements="10" coveredstatements="10" conditionals="0" coveredconditionals="0" methods="3" coveredmethods="3"/>
        <line num="4" count="8" type="stmt"/>
        <line num="10" count="8" type="stmt"/>
        <line num="14" count="8" type="stmt"/>
        <line num="52" count="8" type="stmt"/>
        <line num="53" count="1" type="stmt"/>
        <line num="54" count="1" type="stmt"/>
        <line num="59" count="8" type="stmt"/>
        <line num="65" count="8" type="stmt"/>
        <line num="74" count="8" type="stmt"/>
        <line num="78" count="8" type="stmt"/>
      </file>
      <file name="Dashboard.jsx" path="/home/deshka/repos/stock-market-dashboard/src/pages/Dashboard.jsx">
        <metrics statements="2" coveredstatements="2" conditionals="0" coveredconditionals="0" methods="1" coveredmethods="1"/>
        <line num="5" count="5" type="stmt"/>
        <line num="6" count="15" type="stmt"/>
      </file>
      <file name="Dashboard.styles.jsx" path="/home/deshka/repos/stock-market-dashboard/src/pages/Dashboard.styles.jsx">
        <metrics statements="1" coveredstatements="1" conditionals="0" coveredconditionals="0" methods="0" coveredmethods="0"/>
        <line num="3" count="5" type="stmt"/>
      </file>
      <file name="Login.jsx" path="/home/deshka/repos/stock-market-dashboard/src/pages/Login.jsx">
        <metrics statements="13" coveredstatements="11" conditionals="4" coveredconditionals="2" methods="6" coveredmethods="4"/>
        <line num="21" count="6" type="stmt"/>
        <line num="26" count="7" type="stmt"/>
        <line num="27" count="7" type="stmt"/>
        <line num="29" count="7" type="stmt"/>
        <line num="30" count="0" type="stmt"/>
        <line num="33" count="7" type="stmt"/>
        <line num="34" count="7" type="cond" truecount="1" falsecount="1"/>
        <line num="37" count="7" type="stmt"/>
        <line num="72" count="6" type="stmt"/>
        <line num="73" count="7" type="stmt"/>
        <line num="78" count="6" type="stmt"/>
        <line num="79" count="7" type="stmt"/>
        <line num="80" count="0" type="stmt"/>
      </file>
      <file name="NotFound.jsx" path="/home/deshka/repos/stock-market-dashboard/src/pages/NotFound.jsx">
        <metrics statements="2" coveredstatements="1" conditionals="0" coveredconditionals="0" methods="1" coveredmethods="0"/>
        <line num="2" count="5" type="stmt"/>
        <line num="3" count="0" type="stmt"/>
      </file>
      <file name="Profile.jsx" path="/home/deshka/repos/stock-market-dashboard/src/pages/Profile.jsx">
        <metrics statements="18" coveredstatements="18" conditionals="4" coveredconditionals="4" methods="8" coveredmethods="8"/>
        <line num="23" count="6" type="stmt"/>
        <line num="24" count="20" type="stmt"/>
        <line num="25" count="20" type="stmt"/>
        <line num="26" count="20" type="stmt"/>
        <line num="27" count="20" type="stmt"/>
        <line num="28" count="20" type="stmt"/>
        <line num="29" count="20" type="stmt"/>
        <line num="31" count="20" type="stmt"/>
        <line num="37" count="20" type="stmt"/>
        <line num="39" count="20" type="stmt"/>
        <line num="40" count="4" type="stmt"/>
        <line num="43" count="20" type="stmt"/>
        <line num="44" count="6" type="stmt"/>
        <line num="47" count="20" type="stmt"/>
        <line num="48" count="1" type="stmt"/>
        <line num="53" count="1" type="stmt"/>
        <line num="56" count="20" type="stmt"/>
        <line num="92" count="2" type="stmt"/>
      </file>
      <file name="Register.jsx" path="/home/deshka/repos/stock-market-dashboard/src/pages/Register.jsx">
        <metrics statements="14" coveredstatements="14" conditionals="10" coveredconditionals="10" methods="7" coveredmethods="7"/>
        <line num="20" count="6" type="stmt"/>
        <line num="27" count="52" type="stmt"/>
        <line num="28" count="52" type="stmt"/>
        <line num="29" count="2" type="stmt"/>
        <line num="30" count="2" type="stmt"/>
        <line num="33" count="52" type="stmt"/>
        <line num="34" count="52" type="stmt"/>
        <line num="64" count="4" type="cond" truecount="2" falsecount="0"/>
        <line num="73" count="4" type="cond" truecount="2" falsecount="0"/>
        <line num="94" count="6" type="stmt"/>
        <line num="95" count="12" type="stmt"/>
        <line num="100" count="6" type="stmt"/>
        <line num="101" count="12" type="stmt"/>
        <line num="102" count="2" type="stmt"/>
      </file>
      <file name="index.js" path="/home/deshka/repos/stock-market-dashboard/src/pages/index.js">
        <metrics statements="0" coveredstatements="0" conditionals="0" coveredconditionals="0" methods="0" coveredmethods="0"/>
      </file>
    </package>
    <package name="src.redux">
      <metrics statements="13" coveredstatements="4" conditionals="6" coveredconditionals="0" methods="6" coveredmethods="4"/>
      <file name="index.js" path="/home/deshka/repos/stock-market-dashboard/src/redux/index.js">
        <metrics statements="0" coveredstatements="0" conditionals="0" coveredconditionals="0" methods="0" coveredmethods="0"/>
      </file>
      <file name="rootReducer.js" path="/home/deshka/repos/stock-market-dashboard/src/redux/rootReducer.js">
        <metrics statements="1" coveredstatements="1" conditionals="0" coveredconditionals="0" methods="0" coveredmethods="0"/>
        <line num="6" count="8" type="stmt"/>
      </file>
      <file name="store.js" path="/home/deshka/repos/stock-market-dashboard/src/redux/store.js">
        <metrics statements="12" coveredstatements="3" conditionals="6" coveredconditionals="0" methods="6" coveredmethods="4"/>
        <line num="9" count="8" type="stmt"/>
        <line num="10" count="0" type="stmt"/>
        <line num="11" count="0" type="cond" truecount="0" falsecount="4"/>
        <line num="12" count="0" type="stmt"/>
        <line num="13" count="0" type="stmt"/>
        <line num="15" count="0" type="stmt"/>
        <line num="18" count="8" type="stmt"/>
        <line num="19" count="0" type="stmt"/>
        <line num="20" count="0" type="cond" truecount="0" falsecount="2"/>
        <line num="21" count="0" type="stmt"/>
        <line num="23" count="0" type="stmt"/>
        <line num="26" count="8" type="stmt"/>
      </file>
    </package>
    <package name="src.redux.auth">
      <metrics statements="51" coveredstatements="30" conditionals="21" coveredconditionals="4" methods="22" coveredmethods="7"/>
      <file name="authActions.js" path="/home/deshka/repos/stock-market-dashboard/src/redux/auth/authActions.js">
        <metrics statements="31" coveredstatements="16" conditionals="10" coveredconditionals="0" methods="21" coveredmethods="6"/>
        <line num="12" count="8" type="stmt"/>
        <line num="13" count="0" type="stmt"/>
        <line num="19" count="8" type="stmt"/>
        <line num="20" count="0" type="stmt"/>
        <line num="26" count="8" type="stmt"/>
        <line num="27" count="0" type="stmt"/>
        <line num="28" count="0" type="stmt"/>
        <line num="35" count="0" type="stmt"/>
        <line num="37" count="0" type="cond" truecount="0" falsecount="4"/>
        <line num="44" count="8" type="stmt"/>
        <line num="45" count="0" type="stmt"/>
        <line num="50" count="8" type="stmt"/>
        <line num="51" count="0" type="stmt"/>
        <line num="57" count="8" type="stmt"/>
        <line num="58" count="2" type="stmt"/>
        <line num="59" count="2" type="stmt"/>
        <line num="66" count="1" type="stmt"/>
        <line num="68" count="0" type="cond" truecount="0" falsecount="2"/>
        <line num="74" count="0" type="stmt"/>
        <line num="79" count="8" type="stmt"/>
        <line num="80" count="0" type="stmt"/>
        <line num="86" count="8" type="stmt"/>
        <line num="87" count="0" type="stmt"/>
        <line num="93" count="8" type="stmt"/>
        <line num="94" count="1" type="stmt"/>
        <line num="95" count="1" type="stmt"/>
        <line num="103" count="0" type="stmt"/>
        <line num="105" count="0" type="cond" truecount="0" falsecount="2"/>
        <line num="110" count="0" type="stmt"/>
        <line num="115" count="8" type="stmt"/>
        <line num="116" count="1" type="stmt"/>
      </file>
      <file name="authReducer.js" path="/home/deshka/repos/stock-market-dashboard/src/redux/auth/authReducer.js">
        <metrics statements="13" coveredstatements="7" conditionals="11" coveredconditionals="4" methods="1" coveredmethods="1"/>
        <line num="10" count="8" type="stmt"/>
        <line num="12" count="8" type="cond" truecount="1" falsecount="1"/>
        <line num="16" count="8" type="cond" truecount="1" falsecount="0"/>
        <line num="17" count="68" type="stmt"/>
        <line num="19" count="68" type="cond" truecount="2" falsecount="6"/>
        <line num="21" count="0" type="stmt"/>
        <line num="27" count="0" type="stmt"/>
        <line num="33" count="0" type="stmt"/>
        <line num="39" count="0" type="stmt"/>
        <line num="46" count="0" type="stmt"/>
        <line num="52" count="0" type="stmt"/>
        <line num="58" count="1" type="stmt"/>
        <line num="64" count="67" type="stmt"/>
      </file>
      <file name="authTypes.js" path="/home/deshka/repos/stock-market-dashboard/src/redux/auth/authTypes.js">
        <metrics statements="7" coveredstatements="7" conditionals="0" coveredconditionals="0" methods="0" coveredmethods="0"/>
        <line num="1" count="8" type="stmt"/>
        <line num="2" count="8" type="stmt"/>
        <line num="3" count="8" type="stmt"/>
        <line num="4" count="8" type="stmt"/>
        <line num="6" count="8" type="stmt"/>
        <line num="7" count="8" type="stmt"/>
        <line num="8" count="8" type="stmt"/>
      </file>
    </package>
    <package name="src.redux.modal">
      <metrics statements="12" coveredstatements="8" conditionals="4" coveredconditionals="2" methods="3" coveredmethods="1"/>
      <file name="modalActions.js" path="/home/deshka/repos/stock-market-dashboard/src/redux/modal/modalActions.js">
        <metrics statements="4" coveredstatements="2" conditionals="0" coveredconditionals="0" methods="2" coveredmethods="0"/>
        <line num="3" count="8" type="stmt"/>
        <line num="4" count="0" type="stmt"/>
        <line num="9" count="8" type="stmt"/>
        <line num="10" count="0" type="stmt"/>
      </file>
      <file name="modalReducer.js" path="/home/deshka/repos/stock-market-dashboard/src/redux/modal/modalReducer.js">
        <metrics statements="6" coveredstatements="4" conditionals="4" coveredconditionals="2" methods="1" coveredmethods="1"/>
        <line num="3" count="8" type="stmt"/>
        <line num="7" count="8" type="cond" truecount="1" falsecount="0"/>
        <line num="8" count="68" type="cond" truecount="1" falsecount="2"/>
        <line num="10" count="0" type="stmt"/>
        <line num="16" count="0" type="stmt"/>
        <line num="22" count="68" type="stmt"/>
      </file>
      <file name="modalTypes.js" path="/home/deshka/repos/stock-market-dashboard/src/redux/modal/modalTypes.js">
        <metrics statements="2" coveredstatements="2" conditionals="0" coveredconditionals="0" methods="0" coveredmethods="0"/>
        <line num="1" count="8" type="stmt"/>
        <line num="2" count="8" type="stmt"/>
      </file>
    </package>
    <package name="tests">
      <metrics statements="15" coveredstatements="15" conditionals="2" coveredconditionals="2" methods="7" coveredmethods="7"/>
      <file name="index.js" path="/home/deshka/repos/stock-market-dashboard/tests/index.js">
        <metrics statements="0" coveredstatements="0" conditionals="0" coveredconditionals="0" methods="0" coveredmethods="0"/>
      </file>
      <file name="server-handlers.js" path="/home/deshka/repos/stock-market-dashboard/tests/server-handlers.js">
        <metrics statements="10" coveredstatements="10" conditionals="0" coveredconditionals="0" methods="5" coveredmethods="5"/>
        <line num="4" count="8" type="stmt"/>
        <line num="18" count="8" type="stmt"/>
        <line num="29" count="8" type="stmt"/>
        <line num="32" count="8" type="stmt"/>
        <line num="34" count="2" type="stmt"/>
        <line num="37" count="1" type="stmt"/>
        <line num="43" count="30" type="stmt"/>
        <line num="45" count="30" type="stmt"/>
        <line num="51" count="1" type="stmt"/>
        <line num="58" count="1" type="stmt"/>
      </file>
      <file name="test-server.js" path="/home/deshka/repos/stock-market-dashboard/tests/test-server.js">
        <metrics statements="1" coveredstatements="1" conditionals="0" coveredconditionals="0" methods="0" coveredmethods="0"/>
        <line num="6" count="8" type="stmt"/>
      </file>
      <file name="test.utils.js" path="/home/deshka/repos/stock-market-dashboard/tests/test.utils.js">
        <metrics statements="4" coveredstatements="4" conditionals="2" coveredconditionals="2" methods="2" coveredmethods="2"/>
        <line num="15" count="8" type="stmt"/>
        <line num="29" count="43" type="stmt"/>
        <line num="30" count="43" type="stmt"/>
        <line num="38" count="43" type="stmt"/>
      </file>
    </package>
  </project>
</coverage>
