{"/home/deshka/repos/stock-market-dashboard/src/Context/CryptoContext.js": {"path":"/home/deshka/repos/stock-market-dashboard/src/Context/CryptoContext.js","statementMap":{"0":{"start":{"line":3,"column":15},"end":{"line":3,"column":30}},"1":{"start":{"line":5,"column":22},"end":{"line":19,"column":1}},"2":{"start":{"line":6,"column":34},"end":{"line":6,"column":49}},"3":{"start":{"line":7,"column":30},"end":{"line":7,"column":43}},"4":{"start":{"line":9,"column":2},"end":{"line":12,"column":17}},"5":{"start":{"line":10,"column":4},"end":{"line":11,"column":48}},"6":{"start":{"line":10,"column":28},"end":{"line":10,"column":43}},"7":{"start":{"line":11,"column":9},"end":{"line":11,"column":48}},"8":{"start":{"line":11,"column":33},"end":{"line":11,"column":48}},"9":{"start":{"line":14,"column":2},"end":{"line":18,"column":4}},"10":{"start":{"line":23,"column":27},"end":{"line":25,"column":1}},"11":{"start":{"line":24,"column":2},"end":{"line":24,"column":28}}},"fnMap":{"0":{"name":"(anonymous_0)","decl":{"start":{"line":5,"column":22},"end":{"line":5,"column":23}},"loc":{"start":{"line":5,"column":40},"end":{"line":19,"column":1}},"line":5},"1":{"name":"(anonymous_1)","decl":{"start":{"line":9,"column":12},"end":{"line":9,"column":13}},"loc":{"start":{"line":9,"column":18},"end":{"line":12,"column":3}},"line":9},"2":{"name":"(anonymous_2)","decl":{"start":{"line":23,"column":27},"end":{"line":23,"column":28}},"loc":{"start":{"line":23,"column":33},"end":{"line":25,"column":1}},"line":23}},"branchMap":{"0":{"loc":{"start":{"line":10,"column":4},"end":{"line":11,"column":48}},"type":"if","locations":[{"start":{"line":10,"column":4},"end":{"line":11,"column":48}},{"start":{"line":11,"column":9},"end":{"line":11,"column":48}}],"line":10},"1":{"loc":{"start":{"line":11,"column":9},"end":{"line":11,"column":48}},"type":"if","locations":[{"start":{"line":11,"column":9},"end":{"line":11,"column":48}},{"start":{},"end":{}}],"line":11}},"s":{"0":8,"1":8,"2":43,"3":43,"4":43,"5":43,"6":43,"7":0,"8":0,"9":43,"10":8,"11":109},"f":{"0":43,"1":43,"2":109},"b":{"0":[43,0],"1":[0,0]},"_coverageSchema":"1a1c01bbd47fc00a2c39e90264f33305004495a9","hash":"87f3b982671ff2308566118116fde571082a38ab"}
,"/home/deshka/repos/stock-market-dashboard/src/components/CoinInfo.jsx": {"path":"/home/deshka/repos/stock-market-dashboard/src/components/CoinInfo.jsx","statementMap":{"0":{"start":{"line":19,"column":17},"end":{"line":94,"column":1}},"1":{"start":{"line":20,"column":42},"end":{"line":20,"column":52}},"2":{"start":{"line":21,"column":26},"end":{"line":21,"column":37}},"3":{"start":{"line":22,"column":23},"end":{"line":22,"column":36}},"4":{"start":{"line":23,"column":26},"end":{"line":23,"column":41}},"5":{"start":{"line":25,"column":18},"end":{"line":25,"column":44}},"6":{"start":{"line":27,"column":2},"end":{"line":40,"column":23}},"7":{"start":{"line":28,"column":17},"end":{"line":28,"column":21}},"8":{"start":{"line":30,"column":30},"end":{"line":35,"column":5}},"9":{"start":{"line":31,"column":23},"end":{"line":31,"column":80}},"10":{"start":{"line":32,"column":6},"end":{"line":34,"column":7}},"11":{"start":{"line":33,"column":8},"end":{"line":33,"column":37}},"12":{"start":{"line":36,"column":4},"end":{"line":36,"column":24}},"13":{"start":{"line":37,"column":4},"end":{"line":39,"column":6}},"14":{"start":{"line":38,"column":6},"end":{"line":38,"column":21}},"15":{"start":{"line":41,"column":2},"end":{"line":93,"column":4}},"16":{"start":{"line":51,"column":29},"end":{"line":51,"column":46}},"17":{"start":{"line":53,"column":20},"end":{"line":55,"column":68}},"18":{"start":{"line":56,"column":18},"end":{"line":56,"column":71}},"19":{"start":{"line":61,"column":53},"end":{"line":61,"column":60}},"20":{"start":{"line":77,"column":16},"end":{"line":86,"column":31}},"21":{"start":{"line":80,"column":20},"end":{"line":80,"column":39}},"22":{"start":{"line":81,"column":20},"end":{"line":81,"column":35}}},"fnMap":{"0":{"name":"(anonymous_0)","decl":{"start":{"line":19,"column":17},"end":{"line":19,"column":18}},"loc":{"start":{"line":19,"column":31},"end":{"line":94,"column":1}},"line":19},"1":{"name":"(anonymous_1)","decl":{"start":{"line":27,"column":12},"end":{"line":27,"column":13}},"loc":{"start":{"line":27,"column":18},"end":{"line":40,"column":3}},"line":27},"2":{"name":"(anonymous_2)","decl":{"start":{"line":30,"column":30},"end":{"line":30,"column":31}},"loc":{"start":{"line":30,"column":42},"end":{"line":35,"column":5}},"line":30},"3":{"name":"(anonymous_3)","decl":{"start":{"line":37,"column":11},"end":{"line":37,"column":12}},"loc":{"start":{"line":37,"column":17},"end":{"line":39,"column":5}},"line":37},"4":{"name":"(anonymous_4)","decl":{"start":{"line":50,"column":41},"end":{"line":50,"column":42}},"loc":{"start":{"line":50,"column":51},"end":{"line":57,"column":17}},"line":50},"5":{"name":"(anonymous_5)","decl":{"start":{"line":61,"column":43},"end":{"line":61,"column":44}},"loc":{"start":{"line":61,"column":53},"end":{"line":61,"column":60}},"line":61},"6":{"name":"(anonymous_6)","decl":{"start":{"line":76,"column":29},"end":{"line":76,"column":30}},"loc":{"start":{"line":77,"column":16},"end":{"line":86,"column":31}},"line":77},"7":{"name":"(anonymous_7)","decl":{"start":{"line":79,"column":27},"end":{"line":79,"column":28}},"loc":{"start":{"line":79,"column":33},"end":{"line":82,"column":19}},"line":79}},"branchMap":{"0":{"loc":{"start":{"line":32,"column":6},"end":{"line":34,"column":7}},"type":"if","locations":[{"start":{"line":32,"column":6},"end":{"line":34,"column":7}},{"start":{},"end":{}}],"line":32},"1":{"loc":{"start":{"line":44,"column":9},"end":{"line":90,"column":9}},"type":"cond-expr","locations":[{"start":{"line":45,"column":10},"end":{"line":45,"column":61}},{"start":{"line":47,"column":10},"end":{"line":89,"column":13}}],"line":44},"2":{"loc":{"start":{"line":53,"column":20},"end":{"line":55,"column":68}},"type":"cond-expr","locations":[{"start":{"line":54,"column":24},"end":{"line":54,"column":73}},{"start":{"line":55,"column":24},"end":{"line":55,"column":68}}],"line":53},"3":{"loc":{"start":{"line":56,"column":25},"end":{"line":56,"column":70}},"type":"cond-expr","locations":[{"start":{"line":56,"column":38},"end":{"line":56,"column":42}},{"start":{"line":56,"column":45},"end":{"line":56,"column":70}}],"line":56}},"s":{"0":8,"1":2,"2":2,"3":2,"4":2,"5":2,"6":2,"7":1,"8":1,"9":1,"10":1,"11":1,"12":1,"13":1,"14":1,"15":2,"16":2,"17":2,"18":2,"19":2,"20":4,"21":0,"22":0},"f":{"0":2,"1":1,"2":1,"3":1,"4":2,"5":2,"6":4,"7":0},"b":{"0":[1,0],"1":[1,1],"2":[0,2],"3":[2,0]},"_coverageSchema":"1a1c01bbd47fc00a2c39e90264f33305004495a9","hash":"5a50c6f1250e1adafac91d42c1ca77a7f20e084d"}
,"/home/deshka/repos/stock-market-dashboard/src/components/CoinInfo.styles.jsx": {"path":"/home/deshka/repos/stock-market-dashboard/src/components/CoinInfo.styles.jsx","statementMap":{"0":{"start":{"line":4,"column":39},"end":{"line":12,"column":1}},"1":{"start":{"line":14,"column":40},"end":{"line":23,"column":3}},"2":{"start":{"line":14,"column":63},"end":{"line":23,"column":1}},"3":{"start":{"line":25,"column":38},"end":{"line":27,"column":1}},"4":{"start":{"line":29,"column":37},"end":{"line":34,"column":1}}},"fnMap":{"0":{"name":"(anonymous_0)","decl":{"start":{"line":14,"column":51},"end":{"line":14,"column":52}},"loc":{"start":{"line":14,"column":63},"end":{"line":23,"column":1}},"line":14}},"branchMap":{},"s":{"0":8,"1":8,"2":1,"3":8,"4":8},"f":{"0":1},"b":{},"_coverageSchema":"1a1c01bbd47fc00a2c39e90264f33305004495a9","hash":"e3ca31508d85ee6b7e93321cd8e39221b23fe005"}
,"/home/deshka/repos/stock-market-dashboard/src/components/CoinsTable.jsx": {"path":"/home/deshka/repos/stock-market-dashboard/src/components/CoinsTable.jsx","statementMap":{"0":{"start":{"line":31,"column":19},"end":{"line":152,"column":1}},"1":{"start":{"line":32,"column":28},"end":{"line":32,"column":40}},"2":{"start":{"line":33,"column":30},"end":{"line":38,"column":4}},"3":{"start":{"line":39,"column":32},"end":{"line":39,"column":47}},"4":{"start":{"line":40,"column":30},"end":{"line":40,"column":42}},"5":{"start":{"line":41,"column":26},"end":{"line":41,"column":37}},"6":{"start":{"line":43,"column":31},"end":{"line":43,"column":44}},"7":{"start":{"line":44,"column":17},"end":{"line":44,"column":30}},"8":{"start":{"line":46,"column":2},"end":{"line":61,"column":17}},"9":{"start":{"line":47,"column":17},"end":{"line":47,"column":21}},"10":{"start":{"line":49,"column":23},"end":{"line":56,"column":5}},"11":{"start":{"line":50,"column":6},"end":{"line":50,"column":23}},"12":{"start":{"line":51,"column":23},"end":{"line":51,"column":58}},"13":{"start":{"line":52,"column":6},"end":{"line":55,"column":7}},"14":{"start":{"line":53,"column":8},"end":{"line":53,"column":23}},"15":{"start":{"line":54,"column":8},"end":{"line":54,"column":26}},"16":{"start":{"line":57,"column":4},"end":{"line":57,"column":17}},"17":{"start":{"line":58,"column":4},"end":{"line":60,"column":6}},"18":{"start":{"line":59,"column":6},"end":{"line":59,"column":21}},"19":{"start":{"line":63,"column":18},"end":{"line":63,"column":39}},"20":{"start":{"line":65,"column":23},"end":{"line":71,"column":3}},"21":{"start":{"line":66,"column":4},"end":{"line":70,"column":6}},"22":{"start":{"line":68,"column":8},"end":{"line":69,"column":50}},"23":{"start":{"line":73,"column":2},"end":{"line":151,"column":4}},"24":{"start":{"line":82,"column":27},"end":{"line":82,"column":52}},"25":{"start":{"line":93,"column":20},"end":{"line":98,"column":43}},"26":{"start":{"line":107,"column":35},"end":{"line":107,"column":70}},"27":{"start":{"line":108,"column":20},"end":{"line":135,"column":22}},"28":{"start":{"line":110,"column":39},"end":{"line":110,"column":67}},"29":{"start":{"line":145,"column":12},"end":{"line":145,"column":27}},"30":{"start":{"line":146,"column":12},"end":{"line":146,"column":34}},"31":{"start":{"line":155,"column":2},"end":{"line":155,"column":60}}},"fnMap":{"0":{"name":"(anonymous_0)","decl":{"start":{"line":31,"column":19},"end":{"line":31,"column":20}},"loc":{"start":{"line":31,"column":25},"end":{"line":152,"column":1}},"line":31},"1":{"name":"(anonymous_1)","decl":{"start":{"line":46,"column":12},"end":{"line":46,"column":13}},"loc":{"start":{"line":46,"column":18},"end":{"line":61,"column":3}},"line":46},"2":{"name":"(anonymous_2)","decl":{"start":{"line":49,"column":23},"end":{"line":49,"column":24}},"loc":{"start":{"line":49,"column":35},"end":{"line":56,"column":5}},"line":49},"3":{"name":"(anonymous_3)","decl":{"start":{"line":58,"column":11},"end":{"line":58,"column":12}},"loc":{"start":{"line":58,"column":17},"end":{"line":60,"column":5}},"line":58},"4":{"name":"(anonymous_4)","decl":{"start":{"line":65,"column":23},"end":{"line":65,"column":24}},"loc":{"start":{"line":65,"column":29},"end":{"line":71,"column":3}},"line":65},"5":{"name":"(anonymous_5)","decl":{"start":{"line":67,"column":6},"end":{"line":67,"column":7}},"loc":{"start":{"line":68,"column":8},"end":{"line":69,"column":50}},"line":68},"6":{"name":"(anonymous_6)","decl":{"start":{"line":82,"column":20},"end":{"line":82,"column":21}},"loc":{"start":{"line":82,"column":27},"end":{"line":82,"column":52}},"line":82},"7":{"name":"(anonymous_7)","decl":{"start":{"line":92,"column":31},"end":{"line":92,"column":32}},"loc":{"start":{"line":93,"column":20},"end":{"line":98,"column":43}},"line":93},"8":{"name":"(anonymous_8)","decl":{"start":{"line":106,"column":23},"end":{"line":106,"column":24}},"loc":{"start":{"line":106,"column":32},"end":{"line":136,"column":19}},"line":106},"9":{"name":"(anonymous_9)","decl":{"start":{"line":110,"column":33},"end":{"line":110,"column":34}},"loc":{"start":{"line":110,"column":39},"end":{"line":110,"column":67}},"line":110},"10":{"name":"(anonymous_10)","decl":{"start":{"line":144,"column":20},"end":{"line":144,"column":21}},"loc":{"start":{"line":144,"column":34},"end":{"line":147,"column":11}},"line":144},"11":{"name":"numberWithCommas","decl":{"start":{"line":154,"column":16},"end":{"line":154,"column":32}},"loc":{"start":{"line":154,"column":36},"end":{"line":156,"column":1}},"line":154}},"branchMap":{"0":{"loc":{"start":{"line":52,"column":6},"end":{"line":55,"column":7}},"type":"if","locations":[{"start":{"line":52,"column":6},"end":{"line":55,"column":7}},{"start":{},"end":{}}],"line":52},"1":{"loc":{"start":{"line":68,"column":8},"end":{"line":69,"column":50}},"type":"binary-expr","locations":[{"start":{"line":68,"column":8},"end":{"line":68,"column":48}},{"start":{"line":69,"column":8},"end":{"line":69,"column":50}}],"line":68},"2":{"loc":{"start":{"line":86,"column":11},"end":{"line":139,"column":11}},"type":"cond-expr","locations":[{"start":{"line":87,"column":12},"end":{"line":87,"column":36}},{"start":{"line":89,"column":12},"end":{"line":138,"column":26}}],"line":86},"3":{"loc":{"start":{"line":95,"column":29},"end":{"line":95,"column":63}},"type":"cond-expr","locations":[{"start":{"line":95,"column":47},"end":{"line":95,"column":53}},{"start":{"line":95,"column":56},"end":{"line":95,"column":63}}],"line":95},"4":{"loc":{"start":{"line":125,"column":42},"end":{"line":125,"column":82}},"type":"cond-expr","locations":[{"start":{"line":125,"column":55},"end":{"line":125,"column":74}},{"start":{"line":125,"column":77},"end":{"line":125,"column":82}}],"line":125},"5":{"loc":{"start":{"line":127,"column":27},"end":{"line":127,"column":40}},"type":"binary-expr","locations":[{"start":{"line":127,"column":27},"end":{"line":127,"column":33}},{"start":{"line":127,"column":37},"end":{"line":127,"column":40}}],"line":127}},"s":{"0":8,"1":46,"2":46,"3":46,"4":46,"5":46,"6":46,"7":46,"8":46,"9":15,"10":15,"11":15,"12":15,"13":13,"14":8,"15":8,"16":15,"17":15,"18":15,"19":46,"20":46,"21":69,"22":24,"23":46,"24":0,"25":92,"26":8,"27":8,"28":0,"29":0,"30":0,"31":27},"f":{"0":46,"1":15,"2":15,"3":15,"4":69,"5":24,"6":0,"7":92,"8":8,"9":0,"10":0,"11":27},"b":{"0":[8,5],"1":[24,0],"2":[23,23],"3":[23,69],"4":[0,8],"5":[8,0]},"_coverageSchema":"1a1c01bbd47fc00a2c39e90264f33305004495a9","hash":"664ada268cd9cc31e067fc941de3912b30fe0b8d"}
,"/home/deshka/repos/stock-market-dashboard/src/components/CoinsTable.styles.jsx": {"path":"/home/deshka/repos/stock-market-dashboard/src/components/CoinsTable.styles.jsx","statementMap":{"0":{"start":{"line":17,"column":31},"end":{"line":24,"column":2}},"1":{"start":{"line":26,"column":41},"end":{"line":28,"column":1}},"2":{"start":{"line":30,"column":35},"end":{"line":36,"column":2}},"3":{"start":{"line":38,"column":37},"end":{"line":41,"column":1}},"4":{"start":{"line":43,"column":36},"end":{"line":46,"column":1}},"5":{"start":{"line":48,"column":31},"end":{"line":50,"column":1}},"6":{"start":{"line":52,"column":36},"end":{"line":56,"column":1}},"7":{"start":{"line":58,"column":34},"end":{"line":65,"column":1}},"8":{"start":{"line":67,"column":37},"end":{"line":70,"column":1}},"9":{"start":{"line":72,"column":35},"end":{"line":75,"column":1}},"10":{"start":{"line":77,"column":35},"end":{"line":80,"column":1}},"11":{"start":{"line":82,"column":36},"end":{"line":85,"column":1}},"12":{"start":{"line":87,"column":36},"end":{"line":89,"column":1}},"13":{"start":{"line":91,"column":41},"end":{"line":94,"column":1}},"14":{"start":{"line":92,"column":23},"end":{"line":92,"column":69}},"15":{"start":{"line":96,"column":37},"end":{"line":101,"column":1}},"16":{"start":{"line":103,"column":27},"end":{"line":103,"column":42}},"17":{"start":{"line":104,"column":36},"end":{"line":104,"column":60}},"18":{"start":{"line":105,"column":30},"end":{"line":105,"column":48}},"19":{"start":{"line":106,"column":31},"end":{"line":106,"column":50}},"20":{"start":{"line":107,"column":31},"end":{"line":107,"column":50}}},"fnMap":{"0":{"name":"(anonymous_0)","decl":{"start":{"line":92,"column":11},"end":{"line":92,"column":12}},"loc":{"start":{"line":92,"column":23},"end":{"line":92,"column":69}},"line":92}},"branchMap":{"0":{"loc":{"start":{"line":92,"column":23},"end":{"line":92,"column":69}},"type":"cond-expr","locations":[{"start":{"line":92,"column":42},"end":{"line":92,"column":61}},{"start":{"line":92,"column":64},"end":{"line":92,"column":69}}],"line":92}},"s":{"0":8,"1":8,"2":8,"3":8,"4":8,"5":8,"6":8,"7":8,"8":8,"9":8,"10":8,"11":8,"12":8,"13":8,"14":8,"15":8,"16":8,"17":8,"18":8,"19":8,"20":8},"f":{"0":8},"b":{"0":[0,8]},"_coverageSchema":"1a1c01bbd47fc00a2c39e90264f33305004495a9","hash":"cc807fbad194b9ddfab0330b3fc7d702a332c12f"}
,"/home/deshka/repos/stock-market-dashboard/src/components/Header.jsx": {"path":"/home/deshka/repos/stock-market-dashboard/src/components/Header.jsx","statementMap":{"0":{"start":{"line":18,"column":15},"end":{"line":59,"column":1}},"1":{"start":{"line":19,"column":36},"end":{"line":19,"column":49}},"2":{"start":{"line":21,"column":19},"end":{"line":21,"column":32}},"3":{"start":{"line":22,"column":19},"end":{"line":22,"column":32}},"4":{"start":{"line":24,"column":23},"end":{"line":24,"column":51}},"5":{"start":{"line":24,"column":29},"end":{"line":24,"column":51}},"6":{"start":{"line":26,"column":2},"end":{"line":58,"column":4}},"7":{"start":{"line":32,"column":29},"end":{"line":32,"column":51}},"8":{"start":{"line":45,"column":31},"end":{"line":45,"column":58}}},"fnMap":{"0":{"name":"(anonymous_0)","decl":{"start":{"line":18,"column":15},"end":{"line":18,"column":16}},"loc":{"start":{"line":18,"column":21},"end":{"line":59,"column":1}},"line":18},"1":{"name":"(anonymous_1)","decl":{"start":{"line":24,"column":23},"end":{"line":24,"column":24}},"loc":{"start":{"line":24,"column":29},"end":{"line":24,"column":51}},"line":24},"2":{"name":"(anonymous_2)","decl":{"start":{"line":32,"column":23},"end":{"line":32,"column":24}},"loc":{"start":{"line":32,"column":29},"end":{"line":32,"column":51}},"line":32},"3":{"name":"(anonymous_3)","decl":{"start":{"line":45,"column":24},"end":{"line":45,"column":25}},"loc":{"start":{"line":45,"column":31},"end":{"line":45,"column":58}},"line":45}},"branchMap":{},"s":{"0":8,"1":36,"2":36,"3":36,"4":36,"5":1,"6":36,"7":0,"8":0},"f":{"0":36,"1":1,"2":0,"3":0},"b":{},"_coverageSchema":"1a1c01bbd47fc00a2c39e90264f33305004495a9","hash":"20dceaa6d68becf4eb1dff9dd1b005a18b4f5f50"}
,"/home/deshka/repos/stock-market-dashboard/src/components/Header.styles.jsx": {"path":"/home/deshka/repos/stock-market-dashboard/src/components/Header.styles.jsx","statementMap":{"0":{"start":{"line":12,"column":43},"end":{"line":19,"column":1}},"1":{"start":{"line":21,"column":36},"end":{"line":25,"column":1}},"2":{"start":{"line":27,"column":30},"end":{"line":30,"column":1}},"3":{"start":{"line":32,"column":30},"end":{"line":32,"column":48}},"4":{"start":{"line":33,"column":28},"end":{"line":33,"column":44}},"5":{"start":{"line":34,"column":31},"end":{"line":34,"column":50}},"6":{"start":{"line":35,"column":29},"end":{"line":35,"column":46}}},"fnMap":{},"branchMap":{},"s":{"0":8,"1":8,"2":8,"3":8,"4":8,"5":8,"6":8},"f":{},"b":{},"_coverageSchema":"1a1c01bbd47fc00a2c39e90264f33305004495a9","hash":"05aa8931dac21b2c826f3b5a65dfe42171d9f4f6"}
,"/home/deshka/repos/stock-market-dashboard/src/components/ProtectedRoute.jsx": {"path":"/home/deshka/repos/stock-market-dashboard/src/components/ProtectedRoute.jsx","statementMap":{"0":{"start":{"line":6,"column":23},"end":{"line":14,"column":1}},"1":{"start":{"line":7,"column":19},"end":{"line":7,"column":53}},"2":{"start":{"line":7,"column":42},"end":{"line":7,"column":52}},"3":{"start":{"line":9,"column":2},"end":{"line":11,"column":3}},"4":{"start":{"line":10,"column":4},"end":{"line":10,"column":30}},"5":{"start":{"line":13,"column":2},"end":{"line":13,"column":29}}},"fnMap":{"0":{"name":"(anonymous_0)","decl":{"start":{"line":6,"column":23},"end":{"line":6,"column":24}},"loc":{"start":{"line":6,"column":58},"end":{"line":14,"column":1}},"line":6},"1":{"name":"(anonymous_1)","decl":{"start":{"line":7,"column":31},"end":{"line":7,"column":32}},"loc":{"start":{"line":7,"column":42},"end":{"line":7,"column":52}},"line":7}},"branchMap":{"0":{"loc":{"start":{"line":9,"column":2},"end":{"line":11,"column":3}},"type":"if","locations":[{"start":{"line":9,"column":2},"end":{"line":11,"column":3}},{"start":{},"end":{}}],"line":9}},"s":{"0":8,"1":0,"2":0,"3":0,"4":0,"5":0},"f":{"0":0,"1":0},"b":{"0":[0,0]},"_coverageSchema":"1a1c01bbd47fc00a2c39e90264f33305004495a9","hash":"6cc4f9b45945405978af5782d5985b8e81d6c3ee"}
,"/home/deshka/repos/stock-market-dashboard/src/components/SelectButton.jsx": {"path":"/home/deshka/repos/stock-market-dashboard/src/components/SelectButton.jsx","statementMap":{"0":{"start":{"line":4,"column":21},"end":{"line":17,"column":1}},"1":{"start":{"line":5,"column":2},"end":{"line":16,"column":4}}},"fnMap":{"0":{"name":"(anonymous_0)","decl":{"start":{"line":4,"column":21},"end":{"line":4,"column":22}},"loc":{"start":{"line":4,"column":58},"end":{"line":17,"column":1}},"line":4}},"branchMap":{"0":{"loc":{"start":{"line":9,"column":25},"end":{"line":9,"column":47}},"type":"cond-expr","locations":[{"start":{"line":9,"column":36},"end":{"line":9,"column":42}},{"start":{"line":9,"column":45},"end":{"line":9,"column":47}}],"line":9},"1":{"loc":{"start":{"line":10,"column":15},"end":{"line":10,"column":38}},"type":"cond-expr","locations":[{"start":{"line":10,"column":26},"end":{"line":10,"column":33}},{"start":{"line":10,"column":36},"end":{"line":10,"column":38}}],"line":10},"2":{"loc":{"start":{"line":11,"column":20},"end":{"line":11,"column":40}},"type":"cond-expr","locations":[{"start":{"line":11,"column":31},"end":{"line":11,"column":34}},{"start":{"line":11,"column":37},"end":{"line":11,"column":40}}],"line":11}},"s":{"0":8,"1":4},"f":{"0":4},"b":{"0":[1,3],"1":[1,3],"2":[1,3]},"_coverageSchema":"1a1c01bbd47fc00a2c39e90264f33305004495a9","hash":"b197863f0a063437e0069003556d61855bc90843"}
,"/home/deshka/repos/stock-market-dashboard/src/components/SelectButton.styles.jsx": {"path":"/home/deshka/repos/stock-market-dashboard/src/components/SelectButton.styles.jsx","statementMap":{"0":{"start":{"line":3,"column":38},"end":{"line":20,"column":1}},"1":{"start":{"line":11,"column":34},"end":{"line":11,"column":62}},"2":{"start":{"line":12,"column":23},"end":{"line":12,"column":52}},"3":{"start":{"line":13,"column":29},"end":{"line":13,"column":55}}},"fnMap":{"0":{"name":"(anonymous_0)","decl":{"start":{"line":11,"column":22},"end":{"line":11,"column":23}},"loc":{"start":{"line":11,"column":34},"end":{"line":11,"column":62}},"line":11},"1":{"name":"(anonymous_1)","decl":{"start":{"line":12,"column":11},"end":{"line":12,"column":12}},"loc":{"start":{"line":12,"column":23},"end":{"line":12,"column":52}},"line":12},"2":{"name":"(anonymous_2)","decl":{"start":{"line":13,"column":17},"end":{"line":13,"column":18}},"loc":{"start":{"line":13,"column":29},"end":{"line":13,"column":55}},"line":13}},"branchMap":{"0":{"loc":{"start":{"line":11,"column":34},"end":{"line":11,"column":62}},"type":"cond-expr","locations":[{"start":{"line":11,"column":51},"end":{"line":11,"column":57}},{"start":{"line":11,"column":60},"end":{"line":11,"column":62}}],"line":11},"1":{"loc":{"start":{"line":12,"column":23},"end":{"line":12,"column":52}},"type":"cond-expr","locations":[{"start":{"line":12,"column":40},"end":{"line":12,"column":47}},{"start":{"line":12,"column":50},"end":{"line":12,"column":52}}],"line":12},"2":{"loc":{"start":{"line":13,"column":29},"end":{"line":13,"column":55}},"type":"cond-expr","locations":[{"start":{"line":13,"column":46},"end":{"line":13,"column":49}},{"start":{"line":13,"column":52},"end":{"line":13,"column":55}}],"line":13}},"s":{"0":8,"1":4,"2":4,"3":4},"f":{"0":4,"1":4,"2":4},"b":{"0":[0,4],"1":[0,4],"2":[0,4]},"_coverageSchema":"1a1c01bbd47fc00a2c39e90264f33305004495a9","hash":"2cfbe00acecdfb81f9845898cefd2c492d4801cb"}
,"/home/deshka/repos/stock-market-dashboard/src/components/index.js": {"path":"/home/deshka/repos/stock-market-dashboard/src/components/index.js","statementMap":{},"fnMap":{},"branchMap":{},"s":{},"f":{},"b":{},"_coverageSchema":"1a1c01bbd47fc00a2c39e90264f33305004495a9","hash":"0b9a86e9d412b96d9c7e4536dd4d5b9701497493"}
,"/home/deshka/repos/stock-market-dashboard/src/components/Banner/Banner.jsx": {"path":"/home/deshka/repos/stock-market-dashboard/src/components/Banner/Banner.jsx","statementMap":{"0":{"start":{"line":11,"column":15},"end":{"line":27,"column":1}},"1":{"start":{"line":12,"column":2},"end":{"line":26,"column":4}}},"fnMap":{"0":{"name":"(anonymous_0)","decl":{"start":{"line":11,"column":15},"end":{"line":11,"column":16}},"loc":{"start":{"line":11,"column":21},"end":{"line":27,"column":1}},"line":11}},"branchMap":{},"s":{"0":8,"1":15},"f":{"0":15},"b":{},"_coverageSchema":"1a1c01bbd47fc00a2c39e90264f33305004495a9","hash":"bea635d062aa86360ee9375fd9c40522705fb535"}
,"/home/deshka/repos/stock-market-dashboard/src/components/Banner/Banner.styles.jsx": {"path":"/home/deshka/repos/stock-market-dashboard/src/components/Banner/Banner.styles.jsx","statementMap":{"0":{"start":{"line":4,"column":35},"end":{"line":6,"column":1}},"1":{"start":{"line":8,"column":37},"end":{"line":14,"column":1}},"2":{"start":{"line":15,"column":29},"end":{"line":21,"column":1}},"3":{"start":{"line":23,"column":37},"end":{"line":27,"column":1}},"4":{"start":{"line":29,"column":40},"end":{"line":33,"column":1}}},"fnMap":{},"branchMap":{},"s":{"0":8,"1":8,"2":8,"3":8,"4":8},"f":{},"b":{},"_coverageSchema":"1a1c01bbd47fc00a2c39e90264f33305004495a9","hash":"e34582401f53eebc8b03884bcc12653a58028e14"}
,"/home/deshka/repos/stock-market-dashboard/src/components/Banner/Carousel.jsx": {"path":"/home/deshka/repos/stock-market-dashboard/src/components/Banner/Carousel.jsx","statementMap":{"0":{"start":{"line":17,"column":17},"end":{"line":72,"column":1}},"1":{"start":{"line":18,"column":34},"end":{"line":18,"column":46}},"2":{"start":{"line":19,"column":31},"end":{"line":19,"column":44}},"3":{"start":{"line":21,"column":2},"end":{"line":35,"column":17}},"4":{"start":{"line":22,"column":17},"end":{"line":22,"column":21}},"5":{"start":{"line":23,"column":31},"end":{"line":29,"column":5}},"6":{"start":{"line":24,"column":23},"end":{"line":24,"column":63}},"7":{"start":{"line":26,"column":6},"end":{"line":28,"column":7}},"8":{"start":{"line":27,"column":8},"end":{"line":27,"column":26}},"9":{"start":{"line":31,"column":4},"end":{"line":31,"column":25}},"10":{"start":{"line":32,"column":4},"end":{"line":34,"column":6}},"11":{"start":{"line":33,"column":6},"end":{"line":33,"column":21}},"12":{"start":{"line":37,"column":16},"end":{"line":55,"column":4}},"13":{"start":{"line":38,"column":17},"end":{"line":38,"column":55}},"14":{"start":{"line":39,"column":4},"end":{"line":54,"column":6}},"15":{"start":{"line":57,"column":2},"end":{"line":71,"column":4}}},"fnMap":{"0":{"name":"(anonymous_0)","decl":{"start":{"line":17,"column":17},"end":{"line":17,"column":18}},"loc":{"start":{"line":17,"column":23},"end":{"line":72,"column":1}},"line":17},"1":{"name":"(anonymous_1)","decl":{"start":{"line":21,"column":12},"end":{"line":21,"column":13}},"loc":{"start":{"line":21,"column":18},"end":{"line":35,"column":3}},"line":21},"2":{"name":"(anonymous_2)","decl":{"start":{"line":23,"column":31},"end":{"line":23,"column":32}},"loc":{"start":{"line":23,"column":43},"end":{"line":29,"column":5}},"line":23},"3":{"name":"(anonymous_3)","decl":{"start":{"line":32,"column":11},"end":{"line":32,"column":12}},"loc":{"start":{"line":32,"column":17},"end":{"line":34,"column":5}},"line":32},"4":{"name":"(anonymous_4)","decl":{"start":{"line":37,"column":29},"end":{"line":37,"column":30}},"loc":{"start":{"line":37,"column":39},"end":{"line":55,"column":3}},"line":37}},"branchMap":{"0":{"loc":{"start":{"line":26,"column":6},"end":{"line":28,"column":7}},"type":"if","locations":[{"start":{"line":26,"column":6},"end":{"line":28,"column":7}},{"start":{},"end":{}}],"line":26},"1":{"loc":{"start":{"line":46,"column":13},"end":{"line":46,"column":26}},"type":"binary-expr","locations":[{"start":{"line":46,"column":13},"end":{"line":46,"column":19}},{"start":{"line":46,"column":23},"end":{"line":46,"column":26}}],"line":46}},"s":{"0":8,"1":23,"2":23,"3":23,"4":15,"5":15,"6":15,"7":13,"8":8,"9":15,"10":15,"11":15,"12":23,"13":8,"14":8,"15":23},"f":{"0":23,"1":15,"2":15,"3":15,"4":8},"b":{"0":[8,5],"1":[8,0]},"_coverageSchema":"1a1c01bbd47fc00a2c39e90264f33305004495a9","hash":"1016b0c95bf240b29bf06bbfbec3eef4b6702b94"}
,"/home/deshka/repos/stock-market-dashboard/src/components/Banner/Carousel.styles.jsx": {"path":"/home/deshka/repos/stock-market-dashboard/src/components/Banner/Carousel.styles.jsx","statementMap":{"0":{"start":{"line":5,"column":33},"end":{"line":11,"column":1}},"1":{"start":{"line":13,"column":38},"end":{"line":20,"column":1}},"2":{"start":{"line":22,"column":25},"end":{"line":27,"column":1}},"3":{"start":{"line":23,"column":20},"end":{"line":23,"column":31}},"4":{"start":{"line":24,"column":20},"end":{"line":24,"column":30}},"5":{"start":{"line":29,"column":40},"end":{"line":32,"column":1}},"6":{"start":{"line":34,"column":36},"end":{"line":37,"column":1}},"7":{"start":{"line":36,"column":23},"end":{"line":36,"column":69}},"8":{"start":{"line":39,"column":31},"end":{"line":39,"column":44}},"9":{"start":{"line":40,"column":35},"end":{"line":40,"column":58}},"10":{"start":{"line":42,"column":38},"end":{"line":49,"column":1}}},"fnMap":{"0":{"name":"(anonymous_0)","decl":{"start":{"line":23,"column":9},"end":{"line":23,"column":10}},"loc":{"start":{"line":23,"column":20},"end":{"line":23,"column":31}},"line":23},"1":{"name":"(anonymous_1)","decl":{"start":{"line":24,"column":9},"end":{"line":24,"column":10}},"loc":{"start":{"line":24,"column":20},"end":{"line":24,"column":30}},"line":24},"2":{"name":"(anonymous_2)","decl":{"start":{"line":36,"column":11},"end":{"line":36,"column":12}},"loc":{"start":{"line":36,"column":23},"end":{"line":36,"column":69}},"line":36}},"branchMap":{"0":{"loc":{"start":{"line":36,"column":23},"end":{"line":36,"column":69}},"type":"cond-expr","locations":[{"start":{"line":36,"column":42},"end":{"line":36,"column":61}},{"start":{"line":36,"column":64},"end":{"line":36,"column":69}}],"line":36}},"s":{"0":8,"1":8,"2":8,"3":24,"4":24,"5":8,"6":8,"7":24,"8":8,"9":8,"10":8},"f":{"0":24,"1":24,"2":24},"b":{"0":[0,24]},"_coverageSchema":"1a1c01bbd47fc00a2c39e90264f33305004495a9","hash":"bef20663402ab551678bfae2f18d7c64c477dea5"}
,"/home/deshka/repos/stock-market-dashboard/src/components/Form/Container/Container.styles.jsx": {"path":"/home/deshka/repos/stock-market-dashboard/src/components/Form/Container/Container.styles.jsx","statementMap":{"0":{"start":{"line":3,"column":30},"end":{"line":8,"column":1}},"1":{"start":{"line":9,"column":24},"end":{"line":14,"column":1}},"2":{"start":{"line":16,"column":27},"end":{"line":19,"column":1}}},"fnMap":{},"branchMap":{},"s":{"0":8,"1":8,"2":8},"f":{},"b":{},"_coverageSchema":"1a1c01bbd47fc00a2c39e90264f33305004495a9","hash":"4221ac0614cac0f856531b56068306776c16b19c"}
,"/home/deshka/repos/stock-market-dashboard/src/components/Form/Form/Form.styles.jsx": {"path":"/home/deshka/repos/stock-market-dashboard/src/components/Form/Form/Form.styles.jsx","statementMap":{"0":{"start":{"line":4,"column":21},"end":{"line":9,"column":1}},"1":{"start":{"line":10,"column":32},"end":{"line":15,"column":1}},"2":{"start":{"line":16,"column":27},"end":{"line":23,"column":1}},"3":{"start":{"line":24,"column":32},"end":{"line":30,"column":1}},"4":{"start":{"line":32,"column":27},"end":{"line":43,"column":1}},"5":{"start":{"line":40,"column":4},"end":{"line":40,"column":67}},"6":{"start":{"line":45,"column":27},"end":{"line":48,"column":1}},"7":{"start":{"line":49,"column":28},"end":{"line":58,"column":1}},"8":{"start":{"line":60,"column":25},"end":{"line":66,"column":1}},"9":{"start":{"line":67,"column":30},"end":{"line":69,"column":1}},"10":{"start":{"line":71,"column":29},"end":{"line":73,"column":1}}},"fnMap":{"0":{"name":"(anonymous_0)","decl":{"start":{"line":39,"column":19},"end":{"line":39,"column":20}},"loc":{"start":{"line":40,"column":4},"end":{"line":40,"column":67}},"line":40}},"branchMap":{"0":{"loc":{"start":{"line":40,"column":4},"end":{"line":40,"column":67}},"type":"cond-expr","locations":[{"start":{"line":40,"column":29},"end":{"line":40,"column":46}},{"start":{"line":40,"column":49},"end":{"line":40,"column":67}}],"line":40}},"s":{"0":8,"1":8,"2":8,"3":8,"4":8,"5":274,"6":8,"7":8,"8":8,"9":8,"10":8},"f":{"0":274},"b":{"0":[8,266]},"_coverageSchema":"1a1c01bbd47fc00a2c39e90264f33305004495a9","hash":"fc4c47abc00cdffec25d0658cad22f9611f21976"}
,"/home/deshka/repos/stock-market-dashboard/src/components/Modal/Modal.jsx": {"path":"/home/deshka/repos/stock-market-dashboard/src/components/Modal/Modal.jsx","statementMap":{"0":{"start":{"line":12,"column":14},"end":{"line":30,"column":1}},"1":{"start":{"line":13,"column":29},"end":{"line":15,"column":3}},"2":{"start":{"line":14,"column":4},"end":{"line":14,"column":16}},"3":{"start":{"line":17,"column":2},"end":{"line":19,"column":3}},"4":{"start":{"line":18,"column":4},"end":{"line":18,"column":16}},"5":{"start":{"line":21,"column":2},"end":{"line":29,"column":4}},"6":{"start":{"line":31,"column":24},"end":{"line":35,"column":1}},"7":{"start":{"line":32,"column":2},"end":{"line":34,"column":4}},"8":{"start":{"line":37,"column":27},"end":{"line":41,"column":1}},"9":{"start":{"line":38,"column":2},"end":{"line":40,"column":4}},"10":{"start":{"line":39,"column":21},"end":{"line":39,"column":42}}},"fnMap":{"0":{"name":"(anonymous_0)","decl":{"start":{"line":12,"column":14},"end":{"line":12,"column":15}},"loc":{"start":{"line":12,"column":40},"end":{"line":30,"column":1}},"line":12},"1":{"name":"(anonymous_1)","decl":{"start":{"line":13,"column":29},"end":{"line":13,"column":30}},"loc":{"start":{"line":13,"column":35},"end":{"line":15,"column":3}},"line":13},"2":{"name":"(anonymous_2)","decl":{"start":{"line":31,"column":24},"end":{"line":31,"column":25}},"loc":{"start":{"line":31,"column":35},"end":{"line":35,"column":1}},"line":31},"3":{"name":"(anonymous_3)","decl":{"start":{"line":37,"column":27},"end":{"line":37,"column":28}},"loc":{"start":{"line":37,"column":41},"end":{"line":41,"column":1}},"line":37},"4":{"name":"(anonymous_4)","decl":{"start":{"line":39,"column":15},"end":{"line":39,"column":16}},"loc":{"start":{"line":39,"column":21},"end":{"line":39,"column":42}},"line":39}},"branchMap":{"0":{"loc":{"start":{"line":17,"column":2},"end":{"line":19,"column":3}},"type":"if","locations":[{"start":{"line":17,"column":2},"end":{"line":19,"column":3}},{"start":{},"end":{}}],"line":17}},"s":{"0":8,"1":13,"2":0,"3":13,"4":12,"5":1,"6":8,"7":13,"8":8,"9":13,"10":0},"f":{"0":13,"1":0,"2":13,"3":13,"4":0},"b":{"0":[12,1]},"_coverageSchema":"1a1c01bbd47fc00a2c39e90264f33305004495a9","hash":"4b34842bee5d60ed5c217631623968379d5744db"}
,"/home/deshka/repos/stock-market-dashboard/src/components/Modal/Modal.styles.jsx": {"path":"/home/deshka/repos/stock-market-dashboard/src/components/Modal/Modal.styles.jsx","statementMap":{"0":{"start":{"line":3,"column":34},"end":{"line":14,"column":1}},"1":{"start":{"line":16,"column":27},"end":{"line":24,"column":1}},"2":{"start":{"line":25,"column":33},"end":{"line":31,"column":1}},"3":{"start":{"line":32,"column":36},"end":{"line":38,"column":1}},"4":{"start":{"line":39,"column":32},"end":{"line":41,"column":1}}},"fnMap":{},"branchMap":{},"s":{"0":8,"1":8,"2":8,"3":8,"4":8},"f":{},"b":{},"_coverageSchema":"1a1c01bbd47fc00a2c39e90264f33305004495a9","hash":"f41736fc42b78212fbf031e29588774ecbf63365"}
,"/home/deshka/repos/stock-market-dashboard/src/components/User/User.styles.jsx": {"path":"/home/deshka/repos/stock-market-dashboard/src/components/User/User.styles.jsx","statementMap":{"0":{"start":{"line":4,"column":23},"end":{"line":13,"column":1}},"1":{"start":{"line":15,"column":20},"end":{"line":23,"column":1}},"2":{"start":{"line":25,"column":26},"end":{"line":46,"column":1}},"3":{"start":{"line":48,"column":22},"end":{"line":54,"column":1}},"4":{"start":{"line":56,"column":21},"end":{"line":58,"column":1}},"5":{"start":{"line":60,"column":20},"end":{"line":68,"column":1}},"6":{"start":{"line":70,"column":29},"end":{"line":78,"column":1}},"7":{"start":{"line":79,"column":31},"end":{"line":82,"column":1}},"8":{"start":{"line":84,"column":21},"end":{"line":107,"column":1}},"9":{"start":{"line":109,"column":30},"end":{"line":113,"column":1}},"10":{"start":{"line":115,"column":30},"end":{"line":119,"column":1}},"11":{"start":{"line":120,"column":24},"end":{"line":124,"column":1}}},"fnMap":{},"branchMap":{},"s":{"0":8,"1":8,"2":8,"3":8,"4":8,"5":8,"6":8,"7":8,"8":8,"9":8,"10":8,"11":8},"f":{},"b":{},"_coverageSchema":"1a1c01bbd47fc00a2c39e90264f33305004495a9","hash":"99488f74fdc6fdefc11cab8bb77bd2adbc322f0c"}
,"/home/deshka/repos/stock-market-dashboard/src/config/api.js": {"path":"/home/deshka/repos/stock-market-dashboard/src/config/api.js","statementMap":{"0":{"start":{"line":1,"column":24},"end":{"line":2,"column":132}},"1":{"start":{"line":2,"column":2},"end":{"line":2,"column":132}},"2":{"start":{"line":4,"column":26},"end":{"line":4,"column":80}},"3":{"start":{"line":4,"column":34},"end":{"line":4,"column":80}},"4":{"start":{"line":6,"column":31},"end":{"line":7,"column":98}},"5":{"start":{"line":7,"column":2},"end":{"line":7,"column":98}},"6":{"start":{"line":9,"column":29},"end":{"line":10,"column":154}},"7":{"start":{"line":10,"column":2},"end":{"line":10,"column":154}}},"fnMap":{"0":{"name":"(anonymous_0)","decl":{"start":{"line":1,"column":24},"end":{"line":1,"column":25}},"loc":{"start":{"line":2,"column":2},"end":{"line":2,"column":132}},"line":2},"1":{"name":"(anonymous_1)","decl":{"start":{"line":4,"column":26},"end":{"line":4,"column":27}},"loc":{"start":{"line":4,"column":34},"end":{"line":4,"column":80}},"line":4},"2":{"name":"(anonymous_2)","decl":{"start":{"line":6,"column":31},"end":{"line":6,"column":32}},"loc":{"start":{"line":7,"column":2},"end":{"line":7,"column":98}},"line":7},"3":{"name":"(anonymous_3)","decl":{"start":{"line":9,"column":29},"end":{"line":9,"column":30}},"loc":{"start":{"line":10,"column":2},"end":{"line":10,"column":154}},"line":10}},"branchMap":{"0":{"loc":{"start":{"line":6,"column":36},"end":{"line":6,"column":46}},"type":"default-arg","locations":[{"start":{"line":6,"column":43},"end":{"line":6,"column":46}}],"line":6}},"s":{"0":8,"1":15,"2":8,"3":1,"4":8,"5":1,"6":8,"7":15},"f":{"0":15,"1":1,"2":1,"3":15},"b":{"0":[0]},"_coverageSchema":"1a1c01bbd47fc00a2c39e90264f33305004495a9","hash":"9f37020ae72c929c13867482224185bdbb4aaae5"}
,"/home/deshka/repos/stock-market-dashboard/src/config/data.js": {"path":"/home/deshka/repos/stock-market-dashboard/src/config/data.js","statementMap":{"0":{"start":{"line":1,"column":25},"end":{"line":18,"column":1}}},"fnMap":{},"branchMap":{},"s":{"0":8},"f":{},"b":{},"_coverageSchema":"1a1c01bbd47fc00a2c39e90264f33305004495a9","hash":"e5cf39fac10b4e2728ba2b2ac2de6431f70bd2ad"}
,"/home/deshka/repos/stock-market-dashboard/src/pages/CoinPage.jsx": {"path":"/home/deshka/repos/stock-market-dashboard/src/pages/CoinPage.jsx","statementMap":{"0":{"start":{"line":20,"column":17},"end":{"line":100,"column":1}},"1":{"start":{"line":21,"column":17},"end":{"line":21,"column":28}},"2":{"start":{"line":22,"column":26},"end":{"line":22,"column":36}},"3":{"start":{"line":24,"column":31},"end":{"line":24,"column":44}},"4":{"start":{"line":26,"column":2},"end":{"line":41,"column":9}},"5":{"start":{"line":27,"column":17},"end":{"line":27,"column":21}},"6":{"start":{"line":29,"column":22},"end":{"line":36,"column":5}},"7":{"start":{"line":30,"column":23},"end":{"line":30,"column":54}},"8":{"start":{"line":33,"column":6},"end":{"line":35,"column":7}},"9":{"start":{"line":34,"column":8},"end":{"line":34,"column":22}},"10":{"start":{"line":37,"column":4},"end":{"line":37,"column":16}},"11":{"start":{"line":38,"column":4},"end":{"line":40,"column":6}},"12":{"start":{"line":39,"column":6},"end":{"line":39,"column":21}},"13":{"start":{"line":42,"column":18},"end":{"line":42,"column":37}},"14":{"start":{"line":44,"column":2},"end":{"line":44,"column":45}},"15":{"start":{"line":44,"column":13},"end":{"line":44,"column":45}},"16":{"start":{"line":46,"column":2},"end":{"line":99,"column":4}}},"fnMap":{"0":{"name":"(anonymous_0)","decl":{"start":{"line":20,"column":17},"end":{"line":20,"column":18}},"loc":{"start":{"line":20,"column":23},"end":{"line":100,"column":1}},"line":20},"1":{"name":"(anonymous_1)","decl":{"start":{"line":26,"column":12},"end":{"line":26,"column":13}},"loc":{"start":{"line":26,"column":18},"end":{"line":41,"column":3}},"line":26},"2":{"name":"(anonymous_2)","decl":{"start":{"line":29,"column":22},"end":{"line":29,"column":23}},"loc":{"start":{"line":29,"column":34},"end":{"line":36,"column":5}},"line":29},"3":{"name":"(anonymous_3)","decl":{"start":{"line":38,"column":11},"end":{"line":38,"column":12}},"loc":{"start":{"line":38,"column":17},"end":{"line":40,"column":5}},"line":38}},"branchMap":{"0":{"loc":{"start":{"line":33,"column":6},"end":{"line":35,"column":7}},"type":"if","locations":[{"start":{"line":33,"column":6},"end":{"line":35,"column":7}},{"start":{},"end":{}}],"line":33},"1":{"loc":{"start":{"line":44,"column":2},"end":{"line":44,"column":45}},"type":"if","locations":[{"start":{"line":44,"column":2},"end":{"line":44,"column":45}},{"start":{},"end":{}}],"line":44}},"s":{"0":5,"1":2,"2":2,"3":2,"4":2,"5":1,"6":1,"7":1,"8":1,"9":1,"10":1,"11":1,"12":1,"13":2,"14":2,"15":1,"16":1},"f":{"0":2,"1":1,"2":1,"3":1},"b":{"0":[1,0],"1":[1,1]},"_coverageSchema":"1a1c01bbd47fc00a2c39e90264f33305004495a9","hash":"3b1e2e9d12960167dd2aacb1bd27bea1b430b85c"}
,"/home/deshka/repos/stock-market-dashboard/src/pages/CoinPage.styles.jsx": {"path":"/home/deshka/repos/stock-market-dashboard/src/pages/CoinPage.styles.jsx","statementMap":{"0":{"start":{"line":4,"column":34},"end":{"line":8,"column":1}},"1":{"start":{"line":10,"column":36},"end":{"line":12,"column":1}},"2":{"start":{"line":14,"column":33},"end":{"line":50,"column":3}},"3":{"start":{"line":14,"column":56},"end":{"line":50,"column":1}},"4":{"start":{"line":52,"column":33},"end":{"line":57,"column":1}},"5":{"start":{"line":53,"column":20},"end":{"line":53,"column":43}},"6":{"start":{"line":54,"column":20},"end":{"line":54,"column":36}},"7":{"start":{"line":59,"column":39},"end":{"line":63,"column":1}},"8":{"start":{"line":65,"column":40},"end":{"line":72,"column":1}},"9":{"start":{"line":74,"column":36},"end":{"line":76,"column":1}},"10":{"start":{"line":78,"column":26},"end":{"line":80,"column":1}}},"fnMap":{"0":{"name":"(anonymous_0)","decl":{"start":{"line":14,"column":44},"end":{"line":14,"column":45}},"loc":{"start":{"line":14,"column":56},"end":{"line":50,"column":1}},"line":14},"1":{"name":"(anonymous_1)","decl":{"start":{"line":53,"column":9},"end":{"line":53,"column":10}},"loc":{"start":{"line":53,"column":20},"end":{"line":53,"column":43}},"line":53},"2":{"name":"(anonymous_2)","decl":{"start":{"line":54,"column":9},"end":{"line":54,"column":10}},"loc":{"start":{"line":54,"column":20},"end":{"line":54,"column":36}},"line":54}},"branchMap":{},"s":{"0":8,"1":8,"2":8,"3":1,"4":8,"5":1,"6":1,"7":8,"8":8,"9":8,"10":8},"f":{"0":1,"1":1,"2":1},"b":{},"_coverageSchema":"1a1c01bbd47fc00a2c39e90264f33305004495a9","hash":"09438695c09fd10cc2500ca43eb7000184021cb1"}
,"/home/deshka/repos/stock-market-dashboard/src/pages/Dashboard.jsx": {"path":"/home/deshka/repos/stock-market-dashboard/src/pages/Dashboard.jsx","statementMap":{"0":{"start":{"line":5,"column":18},"end":{"line":13,"column":1}},"1":{"start":{"line":6,"column":2},"end":{"line":12,"column":4}}},"fnMap":{"0":{"name":"(anonymous_0)","decl":{"start":{"line":5,"column":18},"end":{"line":5,"column":19}},"loc":{"start":{"line":5,"column":24},"end":{"line":13,"column":1}},"line":5}},"branchMap":{},"s":{"0":5,"1":15},"f":{"0":15},"b":{},"_coverageSchema":"1a1c01bbd47fc00a2c39e90264f33305004495a9","hash":"912a998330fe5b25d69c506d93c8f98f3626dfe1"}
,"/home/deshka/repos/stock-market-dashboard/src/pages/Dashboard.styles.jsx": {"path":"/home/deshka/repos/stock-market-dashboard/src/pages/Dashboard.styles.jsx","statementMap":{"0":{"start":{"line":3,"column":34},"end":{"line":7,"column":1}}},"fnMap":{},"branchMap":{},"s":{"0":5},"f":{},"b":{},"_coverageSchema":"1a1c01bbd47fc00a2c39e90264f33305004495a9","hash":"b06fbca71dd10b5454792408adf1a6be05b18219"}
,"/home/deshka/repos/stock-market-dashboard/src/pages/Login.jsx": {"path":"/home/deshka/repos/stock-market-dashboard/src/pages/Login.jsx","statementMap":{"0":{"start":{"line":21,"column":14},"end":{"line":70,"column":1}},"1":{"start":{"line":26,"column":6},"end":{"line":26,"column":15}},"2":{"start":{"line":27,"column":19},"end":{"line":27,"column":32}},"3":{"start":{"line":29,"column":19},"end":{"line":31,"column":3}},"4":{"start":{"line":30,"column":4},"end":{"line":30,"column":20}},"5":{"start":{"line":33,"column":2},"end":{"line":35,"column":28}},"6":{"start":{"line":34,"column":4},"end":{"line":34,"column":55}},"7":{"start":{"line":37,"column":2},"end":{"line":69,"column":4}},"8":{"start":{"line":72,"column":24},"end":{"line":76,"column":1}},"9":{"start":{"line":73,"column":2},"end":{"line":75,"column":4}},"10":{"start":{"line":78,"column":27},"end":{"line":82,"column":1}},"11":{"start":{"line":79,"column":2},"end":{"line":81,"column":4}},"12":{"start":{"line":80,"column":27},"end":{"line":80,"column":54}}},"fnMap":{"0":{"name":"(anonymous_0)","decl":{"start":{"line":21,"column":14},"end":{"line":21,"column":15}},"loc":{"start":{"line":21,"column":43},"end":{"line":70,"column":1}},"line":21},"1":{"name":"(anonymous_1)","decl":{"start":{"line":29,"column":19},"end":{"line":29,"column":20}},"loc":{"start":{"line":29,"column":29},"end":{"line":31,"column":3}},"line":29},"2":{"name":"(anonymous_2)","decl":{"start":{"line":33,"column":12},"end":{"line":33,"column":13}},"loc":{"start":{"line":33,"column":18},"end":{"line":35,"column":3}},"line":33},"3":{"name":"(anonymous_3)","decl":{"start":{"line":72,"column":24},"end":{"line":72,"column":25}},"loc":{"start":{"line":72,"column":35},"end":{"line":76,"column":1}},"line":72},"4":{"name":"(anonymous_4)","decl":{"start":{"line":78,"column":27},"end":{"line":78,"column":28}},"loc":{"start":{"line":78,"column":41},"end":{"line":82,"column":1}},"line":78},"5":{"name":"(anonymous_5)","decl":{"start":{"line":80,"column":15},"end":{"line":80,"column":16}},"loc":{"start":{"line":80,"column":27},"end":{"line":80,"column":54}},"line":80}},"branchMap":{"0":{"loc":{"start":{"line":34,"column":4},"end":{"line":34,"column":54}},"type":"cond-expr","locations":[{"start":{"line":34,"column":26},"end":{"line":34,"column":47}},{"start":{"line":34,"column":50},"end":{"line":34,"column":54}}],"line":34},"1":{"loc":{"start":{"line":58,"column":11},"end":{"line":60,"column":18}},"type":"cond-expr","locations":[{"start":{"line":59,"column":12},"end":{"line":59,"column":55}},{"start":{"line":60,"column":14},"end":{"line":60,"column":18}}],"line":58}},"s":{"0":6,"1":7,"2":7,"3":7,"4":0,"5":7,"6":7,"7":7,"8":6,"9":7,"10":6,"11":7,"12":0},"f":{"0":7,"1":0,"2":7,"3":7,"4":7,"5":0},"b":{"0":[0,7],"1":[0,7]},"_coverageSchema":"1a1c01bbd47fc00a2c39e90264f33305004495a9","hash":"0a15f8375390c999f4ea4bd4ae77e19731cb0d63"}
,"/home/deshka/repos/stock-market-dashboard/src/pages/NotFound.jsx": {"path":"/home/deshka/repos/stock-market-dashboard/src/pages/NotFound.jsx","statementMap":{"0":{"start":{"line":2,"column":17},"end":{"line":11,"column":1}},"1":{"start":{"line":3,"column":2},"end":{"line":10,"column":4}}},"fnMap":{"0":{"name":"(anonymous_0)","decl":{"start":{"line":2,"column":17},"end":{"line":2,"column":18}},"loc":{"start":{"line":2,"column":23},"end":{"line":11,"column":1}},"line":2}},"branchMap":{},"s":{"0":5,"1":0},"f":{"0":0},"b":{},"_coverageSchema":"1a1c01bbd47fc00a2c39e90264f33305004495a9","hash":"d308a645465a22a66f52a97ed42485a548d8c456"}
,"/home/deshka/repos/stock-market-dashboard/src/pages/Profile.jsx": {"path":"/home/deshka/repos/stock-market-dashboard/src/pages/Profile.jsx","statementMap":{"0":{"start":{"line":23,"column":16},"end":{"line":105,"column":1}},"1":{"start":{"line":24,"column":19},"end":{"line":24,"column":53}},"2":{"start":{"line":24,"column":42},"end":{"line":24,"column":52}},"3":{"start":{"line":25,"column":36},"end":{"line":25,"column":74}},"4":{"start":{"line":26,"column":34},"end":{"line":26,"column":71}},"5":{"start":{"line":27,"column":26},"end":{"line":27,"column":41}},"6":{"start":{"line":28,"column":19},"end":{"line":28,"column":32}},"7":{"start":{"line":29,"column":27},"end":{"line":29,"column":67}},"8":{"start":{"line":29,"column":39},"end":{"line":29,"column":67}},"9":{"start":{"line":31,"column":20},"end":{"line":36,"column":5}},"10":{"start":{"line":31,"column":38},"end":{"line":36,"column":3}},"11":{"start":{"line":37,"column":18},"end":{"line":37,"column":29}},"12":{"start":{"line":39,"column":26},"end":{"line":41,"column":3}},"13":{"start":{"line":40,"column":4},"end":{"line":40,"column":33}},"14":{"start":{"line":43,"column":24},"end":{"line":45,"column":3}},"15":{"start":{"line":44,"column":4},"end":{"line":44,"column":32}},"16":{"start":{"line":47,"column":23},"end":{"line":54,"column":3}},"17":{"start":{"line":48,"column":4},"end":{"line":52,"column":7}},"18":{"start":{"line":53,"column":4},"end":{"line":53,"column":19}},"19":{"start":{"line":56,"column":2},"end":{"line":104,"column":4}},"20":{"start":{"line":92,"column":39},"end":{"line":92,"column":52}}},"fnMap":{"0":{"name":"(anonymous_0)","decl":{"start":{"line":23,"column":16},"end":{"line":23,"column":17}},"loc":{"start":{"line":23,"column":22},"end":{"line":105,"column":1}},"line":23},"1":{"name":"(anonymous_1)","decl":{"start":{"line":24,"column":31},"end":{"line":24,"column":32}},"loc":{"start":{"line":24,"column":42},"end":{"line":24,"column":52}},"line":24},"2":{"name":"(anonymous_2)","decl":{"start":{"line":29,"column":27},"end":{"line":29,"column":28}},"loc":{"start":{"line":29,"column":39},"end":{"line":29,"column":67}},"line":29},"3":{"name":"(anonymous_3)","decl":{"start":{"line":31,"column":31},"end":{"line":31,"column":32}},"loc":{"start":{"line":31,"column":38},"end":{"line":36,"column":3}},"line":31},"4":{"name":"(anonymous_4)","decl":{"start":{"line":39,"column":26},"end":{"line":39,"column":27}},"loc":{"start":{"line":39,"column":33},"end":{"line":41,"column":3}},"line":39},"5":{"name":"(anonymous_5)","decl":{"start":{"line":43,"column":24},"end":{"line":43,"column":25}},"loc":{"start":{"line":43,"column":31},"end":{"line":45,"column":3}},"line":43},"6":{"name":"(anonymous_6)","decl":{"start":{"line":47,"column":23},"end":{"line":47,"column":24}},"loc":{"start":{"line":47,"column":29},"end":{"line":54,"column":3}},"line":47},"7":{"name":"(anonymous_7)","decl":{"start":{"line":92,"column":33},"end":{"line":92,"column":34}},"loc":{"start":{"line":92,"column":39},"end":{"line":92,"column":52}},"line":92}},"branchMap":{"0":{"loc":{"start":{"line":67,"column":13},"end":{"line":86,"column":13}},"type":"cond-expr","locations":[{"start":{"line":68,"column":14},"end":{"line":80,"column":22}},{"start":{"line":82,"column":14},"end":{"line":85,"column":22}}],"line":67},"1":{"loc":{"start":{"line":91,"column":13},"end":{"line":99,"column":13}},"type":"cond-expr","locations":[{"start":{"line":92,"column":14},"end":{"line":94,"column":25}},{"start":{"line":96,"column":14},"end":{"line":98,"column":25}}],"line":91}},"s":{"0":6,"1":20,"2":20,"3":20,"4":20,"5":20,"6":20,"7":20,"8":1,"9":20,"10":20,"11":20,"12":20,"13":4,"14":20,"15":6,"16":20,"17":1,"18":1,"19":20,"20":2},"f":{"0":20,"1":20,"2":1,"3":20,"4":4,"5":6,"6":1,"7":2},"b":{"0":[12,8],"1":[8,12]},"_coverageSchema":"1a1c01bbd47fc00a2c39e90264f33305004495a9","hash":"aa3ca54d74873a7da6a910257d77c7bf166d187a"}
,"/home/deshka/repos/stock-market-dashboard/src/pages/Register.jsx": {"path":"/home/deshka/repos/stock-market-dashboard/src/pages/Register.jsx","statementMap":{"0":{"start":{"line":20,"column":24},"end":{"line":92,"column":1}},"1":{"start":{"line":27,"column":6},"end":{"line":27,"column":15}},"2":{"start":{"line":28,"column":19},"end":{"line":31,"column":3}},"3":{"start":{"line":29,"column":4},"end":{"line":29,"column":21}},"4":{"start":{"line":30,"column":4},"end":{"line":30,"column":12}},"5":{"start":{"line":33,"column":19},"end":{"line":33,"column":36}},"6":{"start":{"line":34,"column":2},"end":{"line":91,"column":4}},"7":{"start":{"line":64,"column":16},"end":{"line":64,"column":81}},"8":{"start":{"line":73,"column":35},"end":{"line":73,"column":85}},"9":{"start":{"line":94,"column":24},"end":{"line":98,"column":1}},"10":{"start":{"line":95,"column":2},"end":{"line":97,"column":4}},"11":{"start":{"line":100,"column":27},"end":{"line":104,"column":1}},"12":{"start":{"line":101,"column":2},"end":{"line":103,"column":4}},"13":{"start":{"line":102,"column":28},"end":{"line":102,"column":56}}},"fnMap":{"0":{"name":"(anonymous_0)","decl":{"start":{"line":20,"column":24},"end":{"line":20,"column":25}},"loc":{"start":{"line":20,"column":54},"end":{"line":92,"column":1}},"line":20},"1":{"name":"(anonymous_1)","decl":{"start":{"line":28,"column":19},"end":{"line":28,"column":20}},"loc":{"start":{"line":28,"column":29},"end":{"line":31,"column":3}},"line":28},"2":{"name":"(anonymous_2)","decl":{"start":{"line":63,"column":24},"end":{"line":63,"column":25}},"loc":{"start":{"line":64,"column":16},"end":{"line":64,"column":81}},"line":64},"3":{"name":"(anonymous_3)","decl":{"start":{"line":73,"column":24},"end":{"line":73,"column":25}},"loc":{"start":{"line":73,"column":35},"end":{"line":73,"column":85}},"line":73},"4":{"name":"(anonymous_4)","decl":{"start":{"line":94,"column":24},"end":{"line":94,"column":25}},"loc":{"start":{"line":94,"column":35},"end":{"line":98,"column":1}},"line":94},"5":{"name":"(anonymous_5)","decl":{"start":{"line":100,"column":27},"end":{"line":100,"column":28}},"loc":{"start":{"line":100,"column":41},"end":{"line":104,"column":1}},"line":100},"6":{"name":"(anonymous_6)","decl":{"start":{"line":102,"column":16},"end":{"line":102,"column":17}},"loc":{"start":{"line":102,"column":28},"end":{"line":102,"column":56}},"line":102}},"branchMap":{"0":{"loc":{"start":{"line":64,"column":16},"end":{"line":64,"column":81}},"type":"binary-expr","locations":[{"start":{"line":64,"column":16},"end":{"line":64,"column":32}},{"start":{"line":64,"column":36},"end":{"line":64,"column":81}}],"line":64},"1":{"loc":{"start":{"line":68,"column":11},"end":{"line":68,"column":82}},"type":"binary-expr","locations":[{"start":{"line":68,"column":11},"end":{"line":68,"column":26}},{"start":{"line":68,"column":30},"end":{"line":68,"column":82}}],"line":68},"2":{"loc":{"start":{"line":73,"column":35},"end":{"line":73,"column":85}},"type":"binary-expr","locations":[{"start":{"line":73,"column":35},"end":{"line":73,"column":53}},{"start":{"line":73,"column":57},"end":{"line":73,"column":85}}],"line":73},"3":{"loc":{"start":{"line":77,"column":11},"end":{"line":79,"column":11}},"type":"binary-expr","locations":[{"start":{"line":77,"column":11},"end":{"line":77,"column":33}},{"start":{"line":78,"column":12},"end":{"line":78,"column":71}}],"line":77},"4":{"loc":{"start":{"line":80,"column":11},"end":{"line":82,"column":18}},"type":"cond-expr","locations":[{"start":{"line":81,"column":12},"end":{"line":81,"column":55}},{"start":{"line":82,"column":14},"end":{"line":82,"column":18}}],"line":80}},"s":{"0":6,"1":52,"2":52,"3":2,"4":2,"5":52,"6":52,"7":4,"8":4,"9":6,"10":12,"11":6,"12":12,"13":2},"f":{"0":52,"1":2,"2":4,"3":4,"4":12,"5":12,"6":2},"b":{"0":[4,1],"1":[52,1],"2":[4,1],"3":[52,1],"4":[12,40]},"_coverageSchema":"1a1c01bbd47fc00a2c39e90264f33305004495a9","hash":"2d0db2ae34992ccea9194225c181338053096263"}
,"/home/deshka/repos/stock-market-dashboard/src/pages/index.js": {"path":"/home/deshka/repos/stock-market-dashboard/src/pages/index.js","statementMap":{},"fnMap":{},"branchMap":{},"s":{},"f":{},"b":{},"_coverageSchema":"1a1c01bbd47fc00a2c39e90264f33305004495a9","hash":"2d7eabb27707cce6d1d86280a6392f34279b90b6"}
,"/home/deshka/repos/stock-market-dashboard/src/redux/index.js": {"path":"/home/deshka/repos/stock-market-dashboard/src/redux/index.js","statementMap":{},"fnMap":{},"branchMap":{},"s":{},"f":{},"b":{},"_coverageSchema":"1a1c01bbd47fc00a2c39e90264f33305004495a9","hash":"4ce04c972e03807b5b00a99825b1d1ba9f3fd42b"}
,"/home/deshka/repos/stock-market-dashboard/src/redux/rootReducer.js": {"path":"/home/deshka/repos/stock-market-dashboard/src/redux/rootReducer.js","statementMap":{"0":{"start":{"line":6,"column":20},"end":{"line":9,"column":2}}},"fnMap":{},"branchMap":{},"s":{"0":8},"f":{},"b":{},"_coverageSchema":"1a1c01bbd47fc00a2c39e90264f33305004495a9","hash":"6d02b89fd8276a056737e6dea549f6e747d881e9"}
,"/home/deshka/repos/stock-market-dashboard/src/redux/store.js": {"path":"/home/deshka/repos/stock-market-dashboard/src/redux/store.js","statementMap":{"0":{"start":{"line":9,"column":31},"end":{"line":16,"column":1}},"1":{"start":{"line":9,"column":42},"end":{"line":16,"column":1}},"2":{"start":{"line":9,"column":52},"end":{"line":16,"column":1}},"3":{"start":{"line":10,"column":17},"end":{"line":10,"column":29}},"4":{"start":{"line":11,"column":2},"end":{"line":14,"column":3}},"5":{"start":{"line":12,"column":22},"end":{"line":12,"column":48}},"6":{"start":{"line":13,"column":4},"end":{"line":13,"column":60}},"7":{"start":{"line":15,"column":2},"end":{"line":15,"column":16}},"8":{"start":{"line":18,"column":37},"end":{"line":24,"column":1}},"9":{"start":{"line":18,"column":48},"end":{"line":24,"column":1}},"10":{"start":{"line":18,"column":58},"end":{"line":24,"column":1}},"11":{"start":{"line":19,"column":17},"end":{"line":19,"column":29}},"12":{"start":{"line":20,"column":2},"end":{"line":22,"column":3}},"13":{"start":{"line":21,"column":4},"end":{"line":21,"column":36}},"14":{"start":{"line":23,"column":2},"end":{"line":23,"column":16}},"15":{"start":{"line":26,"column":14},"end":{"line":36,"column":1}}},"fnMap":{"0":{"name":"(anonymous_0)","decl":{"start":{"line":9,"column":31},"end":{"line":9,"column":32}},"loc":{"start":{"line":9,"column":42},"end":{"line":16,"column":1}},"line":9},"1":{"name":"(anonymous_1)","decl":{"start":{"line":9,"column":42},"end":{"line":9,"column":43}},"loc":{"start":{"line":9,"column":52},"end":{"line":16,"column":1}},"line":9},"2":{"name":"(anonymous_2)","decl":{"start":{"line":9,"column":52},"end":{"line":9,"column":53}},"loc":{"start":{"line":9,"column":64},"end":{"line":16,"column":1}},"line":9},"3":{"name":"(anonymous_3)","decl":{"start":{"line":18,"column":37},"end":{"line":18,"column":38}},"loc":{"start":{"line":18,"column":48},"end":{"line":24,"column":1}},"line":18},"4":{"name":"(anonymous_4)","decl":{"start":{"line":18,"column":48},"end":{"line":18,"column":49}},"loc":{"start":{"line":18,"column":58},"end":{"line":24,"column":1}},"line":18},"5":{"name":"(anonymous_5)","decl":{"start":{"line":18,"column":58},"end":{"line":18,"column":59}},"loc":{"start":{"line":18,"column":70},"end":{"line":24,"column":1}},"line":18}},"branchMap":{"0":{"loc":{"start":{"line":11,"column":2},"end":{"line":14,"column":3}},"type":"if","locations":[{"start":{"line":11,"column":2},"end":{"line":14,"column":3}},{"start":{},"end":{}}],"line":11},"1":{"loc":{"start":{"line":11,"column":6},"end":{"line":11,"column":58}},"type":"binary-expr","locations":[{"start":{"line":11,"column":6},"end":{"line":11,"column":35}},{"start":{"line":11,"column":39},"end":{"line":11,"column":58}}],"line":11},"2":{"loc":{"start":{"line":20,"column":2},"end":{"line":22,"column":3}},"type":"if","locations":[{"start":{"line":20,"column":2},"end":{"line":22,"column":3}},{"start":{},"end":{}}],"line":20}},"s":{"0":8,"1":8,"2":8,"3":0,"4":0,"5":0,"6":0,"7":0,"8":8,"9":8,"10":8,"11":0,"12":0,"13":0,"14":0,"15":8},"f":{"0":8,"1":8,"2":0,"3":8,"4":8,"5":0},"b":{"0":[0,0],"1":[0,0],"2":[0,0]},"_coverageSchema":"1a1c01bbd47fc00a2c39e90264f33305004495a9","hash":"aeafd1422af7501f098969cb6bdbd7d0558fbd6f"}
,"/home/deshka/repos/stock-market-dashboard/src/redux/auth/authActions.js": {"path":"/home/deshka/repos/stock-market-dashboard/src/redux/auth/authActions.js","statementMap":{"0":{"start":{"line":12,"column":25},"end":{"line":17,"column":1}},"1":{"start":{"line":13,"column":2},"end":{"line":16,"column":4}},"2":{"start":{"line":19,"column":25},"end":{"line":24,"column":1}},"3":{"start":{"line":20,"column":2},"end":{"line":23,"column":4}},"4":{"start":{"line":26,"column":25},"end":{"line":42,"column":1}},"5":{"start":{"line":27,"column":2},"end":{"line":41,"column":4}},"6":{"start":{"line":28,"column":4},"end":{"line":40,"column":8}},"7":{"start":{"line":35,"column":22},"end":{"line":35,"column":33}},"8":{"start":{"line":37,"column":8},"end":{"line":39,"column":50}},"9":{"start":{"line":44,"column":28},"end":{"line":48,"column":1}},"10":{"start":{"line":45,"column":2},"end":{"line":47,"column":4}},"11":{"start":{"line":50,"column":28},"end":{"line":55,"column":1}},"12":{"start":{"line":51,"column":2},"end":{"line":54,"column":4}},"13":{"start":{"line":57,"column":26},"end":{"line":77,"column":1}},"14":{"start":{"line":58,"column":2},"end":{"line":76,"column":4}},"15":{"start":{"line":59,"column":4},"end":{"line":75,"column":9}},"16":{"start":{"line":66,"column":22},"end":{"line":66,"column":33}},"17":{"start":{"line":68,"column":8},"end":{"line":71,"column":54}},"18":{"start":{"line":74,"column":8},"end":{"line":74,"column":41}},"19":{"start":{"line":79,"column":26},"end":{"line":84,"column":1}},"20":{"start":{"line":80,"column":2},"end":{"line":83,"column":4}},"21":{"start":{"line":86,"column":26},"end":{"line":91,"column":1}},"22":{"start":{"line":87,"column":2},"end":{"line":90,"column":4}},"23":{"start":{"line":93,"column":26},"end":{"line":113,"column":1}},"24":{"start":{"line":94,"column":2},"end":{"line":112,"column":4}},"25":{"start":{"line":95,"column":4},"end":{"line":111,"column":9}},"26":{"start":{"line":103,"column":22},"end":{"line":103,"column":33}},"27":{"start":{"line":105,"column":8},"end":{"line":107,"column":52}},"28":{"start":{"line":110,"column":8},"end":{"line":110,"column":39}},"29":{"start":{"line":115,"column":26},"end":{"line":119,"column":1}},"30":{"start":{"line":116,"column":2},"end":{"line":118,"column":4}}},"fnMap":{"0":{"name":"(anonymous_0)","decl":{"start":{"line":12,"column":25},"end":{"line":12,"column":26}},"loc":{"start":{"line":12,"column":35},"end":{"line":17,"column":1}},"line":12},"1":{"name":"(anonymous_1)","decl":{"start":{"line":19,"column":25},"end":{"line":19,"column":26}},"loc":{"start":{"line":19,"column":36},"end":{"line":24,"column":1}},"line":19},"2":{"name":"(anonymous_2)","decl":{"start":{"line":26,"column":25},"end":{"line":26,"column":26}},"loc":{"start":{"line":26,"column":37},"end":{"line":42,"column":1}},"line":26},"3":{"name":"(anonymous_3)","decl":{"start":{"line":27,"column":9},"end":{"line":27,"column":10}},"loc":{"start":{"line":27,"column":29},"end":{"line":41,"column":3}},"line":27},"4":{"name":"(anonymous_4)","decl":{"start":{"line":35,"column":12},"end":{"line":35,"column":13}},"loc":{"start":{"line":35,"column":22},"end":{"line":35,"column":33}},"line":35},"5":{"name":"(anonymous_5)","decl":{"start":{"line":36,"column":12},"end":{"line":36,"column":13}},"loc":{"start":{"line":37,"column":8},"end":{"line":39,"column":50}},"line":37},"6":{"name":"(anonymous_6)","decl":{"start":{"line":44,"column":28},"end":{"line":44,"column":29}},"loc":{"start":{"line":44,"column":34},"end":{"line":48,"column":1}},"line":44},"7":{"name":"(anonymous_7)","decl":{"start":{"line":50,"column":28},"end":{"line":50,"column":29}},"loc":{"start":{"line":50,"column":39},"end":{"line":55,"column":1}},"line":50},"8":{"name":"(anonymous_8)","decl":{"start":{"line":57,"column":26},"end":{"line":57,"column":27}},"loc":{"start":{"line":57,"column":38},"end":{"line":77,"column":1}},"line":57},"9":{"name":"(anonymous_9)","decl":{"start":{"line":58,"column":9},"end":{"line":58,"column":10}},"loc":{"start":{"line":58,"column":29},"end":{"line":76,"column":3}},"line":58},"10":{"name":"(anonymous_10)","decl":{"start":{"line":66,"column":12},"end":{"line":66,"column":13}},"loc":{"start":{"line":66,"column":22},"end":{"line":66,"column":33}},"line":66},"11":{"name":"(anonymous_11)","decl":{"start":{"line":67,"column":12},"end":{"line":67,"column":13}},"loc":{"start":{"line":68,"column":8},"end":{"line":71,"column":54}},"line":68},"12":{"name":"(anonymous_12)","decl":{"start":{"line":73,"column":13},"end":{"line":73,"column":14}},"loc":{"start":{"line":73,"column":20},"end":{"line":75,"column":7}},"line":73},"13":{"name":"(anonymous_13)","decl":{"start":{"line":79,"column":26},"end":{"line":79,"column":27}},"loc":{"start":{"line":79,"column":36},"end":{"line":84,"column":1}},"line":79},"14":{"name":"(anonymous_14)","decl":{"start":{"line":86,"column":26},"end":{"line":86,"column":27}},"loc":{"start":{"line":86,"column":37},"end":{"line":91,"column":1}},"line":86},"15":{"name":"(anonymous_15)","decl":{"start":{"line":93,"column":26},"end":{"line":93,"column":27}},"loc":{"start":{"line":93,"column":38},"end":{"line":113,"column":1}},"line":93},"16":{"name":"(anonymous_16)","decl":{"start":{"line":94,"column":9},"end":{"line":94,"column":10}},"loc":{"start":{"line":94,"column":29},"end":{"line":112,"column":3}},"line":94},"17":{"name":"(anonymous_17)","decl":{"start":{"line":103,"column":12},"end":{"line":103,"column":13}},"loc":{"start":{"line":103,"column":22},"end":{"line":103,"column":33}},"line":103},"18":{"name":"(anonymous_18)","decl":{"start":{"line":104,"column":12},"end":{"line":104,"column":13}},"loc":{"start":{"line":105,"column":8},"end":{"line":107,"column":52}},"line":105},"19":{"name":"(anonymous_19)","decl":{"start":{"line":109,"column":13},"end":{"line":109,"column":14}},"loc":{"start":{"line":109,"column":20},"end":{"line":111,"column":7}},"line":109},"20":{"name":"(anonymous_20)","decl":{"start":{"line":115,"column":26},"end":{"line":115,"column":27}},"loc":{"start":{"line":115,"column":32},"end":{"line":119,"column":1}},"line":115}},"branchMap":{"0":{"loc":{"start":{"line":37,"column":8},"end":{"line":39,"column":50}},"type":"cond-expr","locations":[{"start":{"line":38,"column":12},"end":{"line":38,"column":44}},{"start":{"line":39,"column":12},"end":{"line":39,"column":50}}],"line":37},"1":{"loc":{"start":{"line":37,"column":8},"end":{"line":37,"column":38}},"type":"binary-expr","locations":[{"start":{"line":37,"column":8},"end":{"line":37,"column":25}},{"start":{"line":37,"column":29},"end":{"line":37,"column":38}}],"line":37},"2":{"loc":{"start":{"line":68,"column":8},"end":{"line":71,"column":54}},"type":"cond-expr","locations":[{"start":{"line":69,"column":12},"end":{"line":70,"column":82}},{"start":{"line":71,"column":12},"end":{"line":71,"column":54}}],"line":68},"3":{"loc":{"start":{"line":69,"column":12},"end":{"line":70,"column":82}},"type":"binary-expr","locations":[{"start":{"line":69,"column":12},"end":{"line":69,"column":43}},{"start":{"line":70,"column":12},"end":{"line":70,"column":82}}],"line":69},"4":{"loc":{"start":{"line":105,"column":8},"end":{"line":107,"column":52}},"type":"cond-expr","locations":[{"start":{"line":106,"column":12},"end":{"line":106,"column":45}},{"start":{"line":107,"column":12},"end":{"line":107,"column":52}}],"line":105}},"s":{"0":8,"1":0,"2":8,"3":0,"4":8,"5":0,"6":0,"7":0,"8":0,"9":8,"10":0,"11":8,"12":0,"13":8,"14":2,"15":2,"16":1,"17":0,"18":0,"19":8,"20":0,"21":8,"22":0,"23":8,"24":1,"25":1,"26":0,"27":0,"28":0,"29":8,"30":1},"f":{"0":0,"1":0,"2":0,"3":0,"4":0,"5":0,"6":0,"7":0,"8":2,"9":2,"10":1,"11":0,"12":0,"13":0,"14":0,"15":1,"16":1,"17":0,"18":0,"19":0,"20":1},"b":{"0":[0,0],"1":[0,0],"2":[0,0],"3":[0,0],"4":[0,0]},"_coverageSchema":"1a1c01bbd47fc00a2c39e90264f33305004495a9","hash":"8be063e36f6be3cddaff4b5cb0e28d12ccfb83c5"}
,"/home/deshka/repos/stock-market-dashboard/src/redux/auth/authReducer.js": {"path":"/home/deshka/repos/stock-market-dashboard/src/redux/auth/authReducer.js","statementMap":{"0":{"start":{"line":10,"column":13},"end":{"line":10,"column":53}},"1":{"start":{"line":12,"column":21},"end":{"line":14,"column":48}},"2":{"start":{"line":16,"column":16},"end":{"line":66,"column":1}},"3":{"start":{"line":17,"column":28},"end":{"line":17,"column":34}},"4":{"start":{"line":19,"column":2},"end":{"line":65,"column":3}},"5":{"start":{"line":21,"column":6},"end":{"line":25,"column":8}},"6":{"start":{"line":27,"column":6},"end":{"line":31,"column":8}},"7":{"start":{"line":33,"column":6},"end":{"line":37,"column":8}},"8":{"start":{"line":39,"column":6},"end":{"line":44,"column":8}},"9":{"start":{"line":46,"column":6},"end":{"line":50,"column":8}},"10":{"start":{"line":52,"column":6},"end":{"line":56,"column":8}},"11":{"start":{"line":58,"column":6},"end":{"line":62,"column":8}},"12":{"start":{"line":64,"column":6},"end":{"line":64,"column":19}}},"fnMap":{"0":{"name":"(anonymous_0)","decl":{"start":{"line":16,"column":16},"end":{"line":16,"column":17}},"loc":{"start":{"line":16,"column":50},"end":{"line":66,"column":1}},"line":16}},"branchMap":{"0":{"loc":{"start":{"line":12,"column":21},"end":{"line":14,"column":48}},"type":"cond-expr","locations":[{"start":{"line":13,"column":4},"end":{"line":13,"column":41}},{"start":{"line":14,"column":4},"end":{"line":14,"column":48}}],"line":12},"1":{"loc":{"start":{"line":16,"column":17},"end":{"line":16,"column":37}},"type":"default-arg","locations":[{"start":{"line":16,"column":25},"end":{"line":16,"column":37}}],"line":16},"2":{"loc":{"start":{"line":19,"column":2},"end":{"line":65,"column":3}},"type":"switch","locations":[{"start":{"line":20,"column":4},"end":{"line":25,"column":8}},{"start":{"line":26,"column":4},"end":{"line":31,"column":8}},{"start":{"line":32,"column":4},"end":{"line":37,"column":8}},{"start":{"line":38,"column":4},"end":{"line":44,"column":8}},{"start":{"line":45,"column":4},"end":{"line":50,"column":8}},{"start":{"line":51,"column":4},"end":{"line":56,"column":8}},{"start":{"line":57,"column":4},"end":{"line":62,"column":8}},{"start":{"line":63,"column":4},"end":{"line":64,"column":19}}],"line":19}},"s":{"0":8,"1":8,"2":8,"3":68,"4":68,"5":0,"6":0,"7":0,"8":0,"9":0,"10":0,"11":1,"12":67},"f":{"0":68},"b":{"0":[0,8],"1":[42],"2":[0,0,0,0,0,0,1,67]},"_coverageSchema":"1a1c01bbd47fc00a2c39e90264f33305004495a9","hash":"4a7d6dcf9d52e8816bc87a06cbb139287ed32a45"}
,"/home/deshka/repos/stock-market-dashboard/src/redux/auth/authTypes.js": {"path":"/home/deshka/repos/stock-market-dashboard/src/redux/auth/authTypes.js","statementMap":{"0":{"start":{"line":1,"column":32},"end":{"line":1,"column":50}},"1":{"start":{"line":2,"column":29},"end":{"line":2,"column":44}},"2":{"start":{"line":3,"column":29},"end":{"line":3,"column":44}},"3":{"start":{"line":4,"column":26},"end":{"line":4,"column":38}},"4":{"start":{"line":6,"column":35},"end":{"line":6,"column":56}},"5":{"start":{"line":7,"column":32},"end":{"line":7,"column":50}},"6":{"start":{"line":8,"column":22},"end":{"line":8,"column":30}}},"fnMap":{},"branchMap":{},"s":{"0":8,"1":8,"2":8,"3":8,"4":8,"5":8,"6":8},"f":{},"b":{},"_coverageSchema":"1a1c01bbd47fc00a2c39e90264f33305004495a9","hash":"6f1cbbd285dd4b1deb8d7355f06657016fc09ecd"}
,"/home/deshka/repos/stock-market-dashboard/src/redux/modal/modalActions.js": {"path":"/home/deshka/repos/stock-market-dashboard/src/redux/modal/modalActions.js","statementMap":{"0":{"start":{"line":3,"column":25},"end":{"line":7,"column":1}},"1":{"start":{"line":4,"column":2},"end":{"line":6,"column":4}},"2":{"start":{"line":9,"column":25},"end":{"line":14,"column":1}},"3":{"start":{"line":10,"column":2},"end":{"line":13,"column":4}}},"fnMap":{"0":{"name":"(anonymous_0)","decl":{"start":{"line":3,"column":25},"end":{"line":3,"column":26}},"loc":{"start":{"line":3,"column":31},"end":{"line":7,"column":1}},"line":3},"1":{"name":"(anonymous_1)","decl":{"start":{"line":9,"column":25},"end":{"line":9,"column":26}},"loc":{"start":{"line":9,"column":36},"end":{"line":14,"column":1}},"line":9}},"branchMap":{},"s":{"0":8,"1":0,"2":8,"3":0},"f":{"0":0,"1":0},"b":{},"_coverageSchema":"1a1c01bbd47fc00a2c39e90264f33305004495a9","hash":"490cc9b1c1303c308a43ae1e18f8bb36b73a0435"}
,"/home/deshka/repos/stock-market-dashboard/src/redux/modal/modalReducer.js": {"path":"/home/deshka/repos/stock-market-dashboard/src/redux/modal/modalReducer.js","statementMap":{"0":{"start":{"line":3,"column":21},"end":{"line":6,"column":1}},"1":{"start":{"line":7,"column":16},"end":{"line":24,"column":1}},"2":{"start":{"line":8,"column":2},"end":{"line":23,"column":3}},"3":{"start":{"line":10,"column":6},"end":{"line":14,"column":8}},"4":{"start":{"line":16,"column":6},"end":{"line":20,"column":8}},"5":{"start":{"line":22,"column":6},"end":{"line":22,"column":19}}},"fnMap":{"0":{"name":"(anonymous_0)","decl":{"start":{"line":7,"column":16},"end":{"line":7,"column":17}},"loc":{"start":{"line":7,"column":50},"end":{"line":24,"column":1}},"line":7}},"branchMap":{"0":{"loc":{"start":{"line":7,"column":17},"end":{"line":7,"column":37}},"type":"default-arg","locations":[{"start":{"line":7,"column":25},"end":{"line":7,"column":37}}],"line":7},"1":{"loc":{"start":{"line":8,"column":2},"end":{"line":23,"column":3}},"type":"switch","locations":[{"start":{"line":9,"column":4},"end":{"line":14,"column":8}},{"start":{"line":15,"column":4},"end":{"line":20,"column":8}},{"start":{"line":21,"column":4},"end":{"line":22,"column":19}}],"line":8}},"s":{"0":8,"1":8,"2":68,"3":0,"4":0,"5":68},"f":{"0":68},"b":{"0":[66],"1":[0,0,68]},"_coverageSchema":"1a1c01bbd47fc00a2c39e90264f33305004495a9","hash":"4e6d683fa5b39efffd00644edfae7925ad851698"}
,"/home/deshka/repos/stock-market-dashboard/src/redux/modal/modalTypes.js": {"path":"/home/deshka/repos/stock-market-dashboard/src/redux/modal/modalTypes.js","statementMap":{"0":{"start":{"line":1,"column":26},"end":{"line":1,"column":38}},"1":{"start":{"line":2,"column":26},"end":{"line":2,"column":38}}},"fnMap":{},"branchMap":{},"s":{"0":8,"1":8},"f":{},"b":{},"_coverageSchema":"1a1c01bbd47fc00a2c39e90264f33305004495a9","hash":"1662eb8472a21fed2312bf5b6e4b7c6765c58245"}
,"/home/deshka/repos/stock-market-dashboard/tests/index.js": {"path":"/home/deshka/repos/stock-market-dashboard/tests/index.js","statementMap":{},"fnMap":{},"branchMap":{},"s":{},"f":{},"b":{},"_coverageSchema":"1a1c01bbd47fc00a2c39e90264f33305004495a9","hash":"28826b7d4b1bbb6e24862a8a28170b3cbe010203"}
,"/home/deshka/repos/stock-market-dashboard/tests/server-handlers.js": {"path":"/home/deshka/repos/stock-market-dashboard/tests/server-handlers.js","statementMap":{"0":{"start":{"line":4,"column":13},"end":{"line":17,"column":1}},"1":{"start":{"line":18,"column":16},"end":{"line":28,"column":1}},"2":{"start":{"line":29,"column":16},"end":{"line":31,"column":1}},"3":{"start":{"line":32,"column":17},"end":{"line":61,"column":1}},"4":{"start":{"line":34,"column":4},"end":{"line":34,"column":50}},"5":{"start":{"line":37,"column":4},"end":{"line":37,"column":50}},"6":{"start":{"line":43,"column":23},"end":{"line":43,"column":54}},"7":{"start":{"line":45,"column":6},"end":{"line":45,"column":33}},"8":{"start":{"line":51,"column":6},"end":{"line":51,"column":36}},"9":{"start":{"line":58,"column":6},"end":{"line":58,"column":36}}},"fnMap":{"0":{"name":"(anonymous_0)","decl":{"start":{"line":33,"column":55},"end":{"line":33,"column":56}},"loc":{"start":{"line":33,"column":80},"end":{"line":35,"column":3}},"line":33},"1":{"name":"(anonymous_1)","decl":{"start":{"line":36,"column":48},"end":{"line":36,"column":49}},"loc":{"start":{"line":36,"column":73},"end":{"line":38,"column":3}},"line":36},"2":{"name":"(anonymous_2)","decl":{"start":{"line":42,"column":4},"end":{"line":42,"column":5}},"loc":{"start":{"line":42,"column":23},"end":{"line":46,"column":5}},"line":42},"3":{"name":"(anonymous_3)","decl":{"start":{"line":49,"column":51},"end":{"line":49,"column":52}},"loc":{"start":{"line":49,"column":70},"end":{"line":52,"column":5}},"line":49},"4":{"name":"(anonymous_4)","decl":{"start":{"line":57,"column":4},"end":{"line":57,"column":5}},"loc":{"start":{"line":57,"column":23},"end":{"line":59,"column":5}},"line":57}},"branchMap":{},"s":{"0":8,"1":8,"2":8,"3":8,"4":2,"5":1,"6":30,"7":30,"8":1,"9":1},"f":{"0":2,"1":1,"2":30,"3":1,"4":1},"b":{},"_coverageSchema":"1a1c01bbd47fc00a2c39e90264f33305004495a9","hash":"bbf80203a6e29c0bee85c5e56c0a4cb1bca0eec1"}
,"/home/deshka/repos/stock-market-dashboard/tests/test-server.js": {"path":"/home/deshka/repos/stock-market-dashboard/tests/test-server.js","statementMap":{"0":{"start":{"line":6,"column":15},"end":{"line":6,"column":39}}},"fnMap":{},"branchMap":{},"s":{"0":8},"f":{},"b":{},"_coverageSchema":"1a1c01bbd47fc00a2c39e90264f33305004495a9","hash":"aff7388ae4b713bb38a38499206976693f35b284"}
,"/home/deshka/repos/stock-market-dashboard/tests/test.utils.js": {"path":"/home/deshka/repos/stock-market-dashboard/tests/test.utils.js","statementMap":{"0":{"start":{"line":15,"column":19},"end":{"line":15,"column":26}},"1":{"start":{"line":29,"column":18},"end":{"line":37,"column":3}},"2":{"start":{"line":30,"column":4},"end":{"line":36,"column":6}},"3":{"start":{"line":38,"column":2},"end":{"line":38,"column":63}}},"fnMap":{"0":{"name":"render","decl":{"start":{"line":17,"column":9},"end":{"line":17,"column":15}},"loc":{"start":{"line":28,"column":2},"end":{"line":39,"column":1}},"line":28},"1":{"name":"(anonymous_1)","decl":{"start":{"line":29,"column":18},"end":{"line":29,"column":19}},"loc":{"start":{"line":29,"column":36},"end":{"line":37,"column":3}},"line":29}},"branchMap":{"0":{"loc":{"start":{"line":19,"column":2},"end":{"line":27,"column":8}},"type":"default-arg","locations":[{"start":{"line":27,"column":6},"end":{"line":27,"column":8}}],"line":19},"1":{"loc":{"start":{"line":21,"column":4},"end":{"line":25,"column":5}},"type":"default-arg","locations":[{"start":{"line":21,"column":12},"end":{"line":25,"column":5}}],"line":21}},"s":{"0":8,"1":43,"2":43,"3":43},"f":{"0":43,"1":43},"b":{"0":[17],"1":[43]},"_coverageSchema":"1a1c01bbd47fc00a2c39e90264f33305004495a9","hash":"c2a33fe8c8e7df2ca72058b0b97d128b451dd9e6"}
}
