TN:
SF:src/Context/CryptoContext.js
FN:5,(anonymous_0)
FN:9,(anonymous_1)
FN:23,(anonymous_2)
FNF:3
FNH:3
FNDA:43,(anonymous_0)
FNDA:43,(anonymous_1)
FNDA:109,(anonymous_2)
DA:3,8
DA:5,8
DA:6,43
DA:7,43
DA:9,43
DA:10,43
DA:11,0
DA:14,43
DA:23,8
DA:24,109
LF:10
LH:9
BRDA:10,0,0,43
BRDA:10,0,1,0
BRDA:11,1,0,0
BRDA:11,1,1,0
BRF:4
BRH:1
end_of_record
TN:
SF:src/components/CoinInfo.jsx
FN:19,(anonymous_0)
FN:27,(anonymous_1)
FN:30,(anonymous_2)
FN:37,(anonymous_3)
FN:50,(anonymous_4)
FN:61,(anonymous_5)
FN:76,(anonymous_6)
FN:79,(anonymous_7)
FNF:8
FNH:7
FNDA:2,(anonymous_0)
FNDA:1,(anonymous_1)
FNDA:1,(anonymous_2)
FNDA:1,(anonymous_3)
FNDA:2,(anonymous_4)
FNDA:2,(anonymous_5)
FNDA:4,(anonymous_6)
FNDA:0,(anonymous_7)
DA:19,8
DA:20,2
DA:21,2
DA:22,2
DA:23,2
DA:25,2
DA:27,2
DA:28,1
DA:30,1
DA:31,1
DA:32,1
DA:33,1
DA:36,1
DA:37,1
DA:38,1
DA:41,2
DA:51,2
DA:53,2
DA:56,2
DA:61,2
DA:77,4
DA:80,0
DA:81,0
LF:23
LH:21
BRDA:32,0,0,1
BRDA:32,0,1,0
BRDA:44,1,0,1
BRDA:44,1,1,1
BRDA:53,2,0,0
BRDA:53,2,1,2
BRDA:56,3,0,2
BRDA:56,3,1,0
BRF:8
BRH:5
end_of_record
TN:
SF:src/components/CoinInfo.styles.jsx
FN:14,(anonymous_0)
FNF:1
FNH:1
FNDA:1,(anonymous_0)
DA:4,8
DA:14,8
DA:25,8
DA:29,8
LF:4
LH:4
BRF:0
BRH:0
end_of_record
TN:
SF:src/components/CoinsTable.jsx
FN:31,(anonymous_0)
FN:46,(anonymous_1)
FN:49,(anonymous_2)
FN:58,(anonymous_3)
FN:65,(anonymous_4)
FN:67,(anonymous_5)
FN:82,(anonymous_6)
FN:92,(anonymous_7)
FN:106,(anonymous_8)
FN:110,(anonymous_9)
FN:144,(anonymous_10)
FN:154,numberWithCommas
FNF:12
FNH:9
FNDA:46,(anonymous_0)
FNDA:15,(anonymous_1)
FNDA:15,(anonymous_2)
FNDA:15,(anonymous_3)
FNDA:69,(anonymous_4)
FNDA:24,(anonymous_5)
FNDA:0,(anonymous_6)
FNDA:92,(anonymous_7)
FNDA:8,(anonymous_8)
FNDA:0,(anonymous_9)
FNDA:0,(anonymous_10)
FNDA:27,numberWithCommas
DA:31,8
DA:32,46
DA:33,46
DA:39,46
DA:40,46
DA:41,46
DA:43,46
DA:44,46
DA:46,46
DA:47,15
DA:49,15
DA:50,15
DA:51,15
DA:52,13
DA:53,8
DA:54,8
DA:57,15
DA:58,15
DA:59,15
DA:63,46
DA:65,46
DA:66,69
DA:68,24
DA:73,46
DA:82,0
DA:93,92
DA:107,8
DA:108,8
DA:110,0
DA:145,0
DA:146,0
DA:155,27
LF:32
LH:28
BRDA:52,0,0,8
BRDA:52,0,1,5
BRDA:68,1,0,24
BRDA:68,1,1,0
BRDA:86,2,0,23
BRDA:86,2,1,23
BRDA:95,3,0,23
BRDA:95,3,1,69
BRDA:125,4,0,0
BRDA:125,4,1,8
BRDA:127,5,0,8
BRDA:127,5,1,0
BRF:12
BRH:9
end_of_record
TN:
SF:src/components/CoinsTable.styles.jsx
FN:92,(anonymous_0)
FNF:1
FNH:1
FNDA:8,(anonymous_0)
DA:17,8
DA:26,8
DA:30,8
DA:38,8
DA:43,8
DA:48,8
DA:52,8
DA:58,8
DA:67,8
DA:72,8
DA:77,8
DA:82,8
DA:87,8
DA:91,8
DA:92,8
DA:96,8
DA:103,8
DA:104,8
DA:105,8
DA:106,8
DA:107,8
LF:21
LH:21
BRDA:92,0,0,0
BRDA:92,0,1,8
BRF:2
BRH:1
end_of_record
TN:
SF:src/components/Header.jsx
FN:18,(anonymous_0)
FN:24,(anonymous_1)
FN:32,(anonymous_2)
FN:45,(anonymous_3)
FNF:4
FNH:2
FNDA:36,(anonymous_0)
FNDA:1,(anonymous_1)
FNDA:0,(anonymous_2)
FNDA:0,(anonymous_3)
DA:18,8
DA:19,36
DA:21,36
DA:22,36
DA:24,36
DA:26,36
DA:32,0
DA:45,0
LF:8
LH:6
BRF:0
BRH:0
end_of_record
TN:
SF:src/components/Header.styles.jsx
FNF:0
FNH:0
DA:12,8
DA:21,8
DA:27,8
DA:32,8
DA:33,8
DA:34,8
DA:35,8
LF:7
LH:7
BRF:0
BRH:0
end_of_record
TN:
SF:src/components/ProtectedRoute.jsx
FN:6,(anonymous_0)
FN:7,(anonymous_1)
FNF:2
FNH:0
FNDA:0,(anonymous_0)
FNDA:0,(anonymous_1)
DA:6,8
DA:7,0
DA:9,0
DA:10,0
DA:13,0
LF:5
LH:1
BRDA:9,0,0,0
BRDA:9,0,1,0
BRF:2
BRH:0
end_of_record
TN:
SF:src/components/SelectButton.jsx
FN:4,(anonymous_0)
FNF:1
FNH:1
FNDA:4,(anonymous_0)
DA:4,8
DA:5,4
LF:2
LH:2
BRDA:9,0,0,1
BRDA:9,0,1,3
BRDA:10,1,0,1
BRDA:10,1,1,3
BRDA:11,2,0,1
BRDA:11,2,1,3
BRF:6
BRH:6
end_of_record
TN:
SF:src/components/SelectButton.styles.jsx
FN:11,(anonymous_0)
FN:12,(anonymous_1)
FN:13,(anonymous_2)
FNF:3
FNH:3
FNDA:4,(anonymous_0)
FNDA:4,(anonymous_1)
FNDA:4,(anonymous_2)
DA:3,8
DA:11,4
DA:12,4
DA:13,4
LF:4
LH:4
BRDA:11,0,0,0
BRDA:11,0,1,4
BRDA:12,1,0,0
BRDA:12,1,1,4
BRDA:13,2,0,0
BRDA:13,2,1,4
BRF:6
BRH:3
end_of_record
TN:
SF:src/components/index.js
FNF:0
FNH:0
LF:0
LH:0
BRF:0
BRH:0
end_of_record
TN:
SF:src/components/Banner/Banner.jsx
FN:11,(anonymous_0)
FNF:1
FNH:1
FNDA:15,(anonymous_0)
DA:11,8
DA:12,15
LF:2
LH:2
BRF:0
BRH:0
end_of_record
TN:
SF:src/components/Banner/Banner.styles.jsx
FNF:0
FNH:0
DA:4,8
DA:8,8
DA:15,8
DA:23,8
DA:29,8
LF:5
LH:5
BRF:0
BRH:0
end_of_record
TN:
SF:src/components/Banner/Carousel.jsx
FN:17,(anonymous_0)
FN:21,(anonymous_1)
FN:23,(anonymous_2)
FN:32,(anonymous_3)
FN:37,(anonymous_4)
FNF:5
FNH:5
FNDA:23,(anonymous_0)
FNDA:15,(anonymous_1)
FNDA:15,(anonymous_2)
FNDA:15,(anonymous_3)
FNDA:8,(anonymous_4)
DA:17,8
DA:18,23
DA:19,23
DA:21,23
DA:22,15
DA:23,15
DA:24,15
DA:26,13
DA:27,8
DA:31,15
DA:32,15
DA:33,15
DA:37,23
DA:38,8
DA:39,8
DA:57,23
LF:16
LH:16
BRDA:26,0,0,8
BRDA:26,0,1,5
BRDA:46,1,0,8
BRDA:46,1,1,0
BRF:4
BRH:3
end_of_record
TN:
SF:src/components/Banner/Carousel.styles.jsx
FN:23,(anonymous_0)
FN:24,(anonymous_1)
FN:36,(anonymous_2)
FNF:3
FNH:3
FNDA:24,(anonymous_0)
FNDA:24,(anonymous_1)
FNDA:24,(anonymous_2)
DA:5,8
DA:13,8
DA:22,8
DA:23,24
DA:24,24
DA:29,8
DA:34,8
DA:36,24
DA:39,8
DA:40,8
DA:42,8
LF:11
LH:11
BRDA:36,0,0,0
BRDA:36,0,1,24
BRF:2
BRH:1
end_of_record
TN:
SF:src/components/Form/Container/Container.styles.jsx
FNF:0
FNH:0
DA:3,8
DA:9,8
DA:16,8
LF:3
LH:3
BRF:0
BRH:0
end_of_record
TN:
SF:src/components/Form/Form/Form.styles.jsx
FN:39,(anonymous_0)
FNF:1
FNH:1
FNDA:274,(anonymous_0)
DA:4,8
DA:10,8
DA:16,8
DA:24,8
DA:32,8
DA:40,274
DA:45,8
DA:49,8
DA:60,8
DA:67,8
DA:71,8
LF:11
LH:11
BRDA:40,0,0,8
BRDA:40,0,1,266
BRF:2
BRH:2
end_of_record
TN:
SF:src/components/Modal/Modal.jsx
FN:12,(anonymous_0)
FN:13,(anonymous_1)
FN:31,(anonymous_2)
FN:37,(anonymous_3)
FN:39,(anonymous_4)
FNF:5
FNH:3
FNDA:13,(anonymous_0)
FNDA:0,(anonymous_1)
FNDA:13,(anonymous_2)
FNDA:13,(anonymous_3)
FNDA:0,(anonymous_4)
DA:12,8
DA:13,13
DA:14,0
DA:17,13
DA:18,12
DA:21,1
DA:31,8
DA:32,13
DA:37,8
DA:38,13
DA:39,0
LF:11
LH:9
BRDA:17,0,0,12
BRDA:17,0,1,1
BRF:2
BRH:2
end_of_record
TN:
SF:src/components/Modal/Modal.styles.jsx
FNF:0
FNH:0
DA:3,8
DA:16,8
DA:25,8
DA:32,8
DA:39,8
LF:5
LH:5
BRF:0
BRH:0
end_of_record
TN:
SF:src/components/User/User.styles.jsx
FNF:0
FNH:0
DA:4,8
DA:15,8
DA:25,8
DA:48,8
DA:56,8
DA:60,8
DA:70,8
DA:79,8
DA:84,8
DA:109,8
DA:115,8
DA:120,8
LF:12
LH:12
BRF:0
BRH:0
end_of_record
TN:
SF:src/config/api.js
FN:1,(anonymous_0)
FN:4,(anonymous_1)
FN:6,(anonymous_2)
FN:9,(anonymous_3)
FNF:4
FNH:4
FNDA:15,(anonymous_0)
FNDA:1,(anonymous_1)
FNDA:1,(anonymous_2)
FNDA:15,(anonymous_3)
DA:1,8
DA:2,15
DA:4,8
DA:6,8
DA:7,1
DA:9,8
DA:10,15
LF:7
LH:7
BRDA:6,0,0,0
BRF:1
BRH:0
end_of_record
TN:
SF:src/config/data.js
FNF:0
FNH:0
DA:1,8
LF:1
LH:1
BRF:0
BRH:0
end_of_record
TN:
SF:src/pages/CoinPage.jsx
FN:20,(anonymous_0)
FN:26,(anonymous_1)
FN:29,(anonymous_2)
FN:38,(anonymous_3)
FNF:4
FNH:4
FNDA:2,(anonymous_0)
FNDA:1,(anonymous_1)
FNDA:1,(anonymous_2)
FNDA:1,(anonymous_3)
DA:20,5
DA:21,2
DA:22,2
DA:24,2
DA:26,2
DA:27,1
DA:29,1
DA:30,1
DA:33,1
DA:34,1
DA:37,1
DA:38,1
DA:39,1
DA:42,2
DA:44,2
DA:46,1
LF:16
LH:16
BRDA:33,0,0,1
BRDA:33,0,1,0
BRDA:44,1,0,1
BRDA:44,1,1,1
BRF:4
BRH:3
end_of_record
TN:
SF:src/pages/CoinPage.styles.jsx
FN:14,(anonymous_0)
FN:53,(anonymous_1)
FN:54,(anonymous_2)
FNF:3
FNH:3
FNDA:1,(anonymous_0)
FNDA:1,(anonymous_1)
FNDA:1,(anonymous_2)
DA:4,8
DA:10,8
DA:14,8
DA:52,8
DA:53,1
DA:54,1
DA:59,8
DA:65,8
DA:74,8
DA:78,8
LF:10
LH:10
BRF:0
BRH:0
end_of_record
TN:
SF:src/pages/Dashboard.jsx
FN:5,(anonymous_0)
FNF:1
FNH:1
FNDA:15,(anonymous_0)
DA:5,5
DA:6,15
LF:2
LH:2
BRF:0
BRH:0
end_of_record
TN:
SF:src/pages/Dashboard.styles.jsx
FNF:0
FNH:0
DA:3,5
LF:1
LH:1
BRF:0
BRH:0
end_of_record
TN:
SF:src/pages/Login.jsx
FN:21,(anonymous_0)
FN:29,(anonymous_1)
FN:33,(anonymous_2)
FN:72,(anonymous_3)
FN:78,(anonymous_4)
FN:80,(anonymous_5)
FNF:6
FNH:4
FNDA:7,(anonymous_0)
FNDA:0,(anonymous_1)
FNDA:7,(anonymous_2)
FNDA:7,(anonymous_3)
FNDA:7,(anonymous_4)
FNDA:0,(anonymous_5)
DA:21,6
DA:26,7
DA:27,7
DA:29,7
DA:30,0
DA:33,7
DA:34,7
DA:37,7
DA:72,6
DA:73,7
DA:78,6
DA:79,7
DA:80,0
LF:13
LH:11
BRDA:34,0,0,0
BRDA:34,0,1,7
BRDA:58,1,0,0
BRDA:58,1,1,7
BRF:4
BRH:2
end_of_record
TN:
SF:src/pages/NotFound.jsx
FN:2,(anonymous_0)
FNF:1
FNH:0
FNDA:0,(anonymous_0)
DA:2,5
DA:3,0
LF:2
LH:1
BRF:0
BRH:0
end_of_record
TN:
SF:src/pages/Profile.jsx
FN:23,(anonymous_0)
FN:24,(anonymous_1)
FN:29,(anonymous_2)
FN:31,(anonymous_3)
FN:39,(anonymous_4)
FN:43,(anonymous_5)
FN:47,(anonymous_6)
FN:92,(anonymous_7)
FNF:8
FNH:8
FNDA:20,(anonymous_0)
FNDA:20,(anonymous_1)
FNDA:1,(anonymous_2)
FNDA:20,(anonymous_3)
FNDA:4,(anonymous_4)
FNDA:6,(anonymous_5)
FNDA:1,(anonymous_6)
FNDA:2,(anonymous_7)
DA:23,6
DA:24,20
DA:25,20
DA:26,20
DA:27,20
DA:28,20
DA:29,20
DA:31,20
DA:37,20
DA:39,20
DA:40,4
DA:43,20
DA:44,6
DA:47,20
DA:48,1
DA:53,1
DA:56,20
DA:92,2
LF:18
LH:18
BRDA:67,0,0,12
BRDA:67,0,1,8
BRDA:91,1,0,8
BRDA:91,1,1,12
BRF:4
BRH:4
end_of_record
TN:
SF:src/pages/Register.jsx
FN:20,(anonymous_0)
FN:28,(anonymous_1)
FN:63,(anonymous_2)
FN:73,(anonymous_3)
FN:94,(anonymous_4)
FN:100,(anonymous_5)
FN:102,(anonymous_6)
FNF:7
FNH:7
FNDA:52,(anonymous_0)
FNDA:2,(anonymous_1)
FNDA:4,(anonymous_2)
FNDA:4,(anonymous_3)
FNDA:12,(anonymous_4)
FNDA:12,(anonymous_5)
FNDA:2,(anonymous_6)
DA:20,6
DA:27,52
DA:28,52
DA:29,2
DA:30,2
DA:33,52
DA:34,52
DA:64,4
DA:73,4
DA:94,6
DA:95,12
DA:100,6
DA:101,12
DA:102,2
LF:14
LH:14
BRDA:64,0,0,4
BRDA:64,0,1,1
BRDA:68,1,0,52
BRDA:68,1,1,1
BRDA:73,2,0,4
BRDA:73,2,1,1
BRDA:77,3,0,52
BRDA:77,3,1,1
BRDA:80,4,0,12
BRDA:80,4,1,40
BRF:10
BRH:10
end_of_record
TN:
SF:src/pages/index.js
FNF:0
FNH:0
LF:0
LH:0
BRF:0
BRH:0
end_of_record
TN:
SF:src/redux/index.js
FNF:0
FNH:0
LF:0
LH:0
BRF:0
BRH:0
end_of_record
TN:
SF:src/redux/rootReducer.js
FNF:0
FNH:0
DA:6,8
LF:1
LH:1
BRF:0
BRH:0
end_of_record
TN:
SF:src/redux/store.js
FN:9,(anonymous_0)
FN:9,(anonymous_1)
FN:9,(anonymous_2)
FN:18,(anonymous_3)
FN:18,(anonymous_4)
FN:18,(anonymous_5)
FNF:6
FNH:4
FNDA:8,(anonymous_0)
FNDA:8,(anonymous_1)
FNDA:0,(anonymous_2)
FNDA:8,(anonymous_3)
FNDA:8,(anonymous_4)
FNDA:0,(anonymous_5)
DA:9,8
DA:10,0
DA:11,0
DA:12,0
DA:13,0
DA:15,0
DA:18,8
DA:19,0
DA:20,0
DA:21,0
DA:23,0
DA:26,8
LF:12
LH:3
BRDA:11,0,0,0
BRDA:11,0,1,0
BRDA:11,1,0,0
BRDA:11,1,1,0
BRDA:20,2,0,0
BRDA:20,2,1,0
BRF:6
BRH:0
end_of_record
TN:
SF:src/redux/auth/authActions.js
FN:12,(anonymous_0)
FN:19,(anonymous_1)
FN:26,(anonymous_2)
FN:27,(anonymous_3)
FN:35,(anonymous_4)
FN:36,(anonymous_5)
FN:44,(anonymous_6)
FN:50,(anonymous_7)
FN:57,(anonymous_8)
FN:58,(anonymous_9)
FN:66,(anonymous_10)
FN:67,(anonymous_11)
FN:73,(anonymous_12)
FN:79,(anonymous_13)
FN:86,(anonymous_14)
FN:93,(anonymous_15)
FN:94,(anonymous_16)
FN:103,(anonymous_17)
FN:104,(anonymous_18)
FN:109,(anonymous_19)
FN:115,(anonymous_20)
FNF:21
FNH:6
FNDA:0,(anonymous_0)
FNDA:0,(anonymous_1)
FNDA:0,(anonymous_2)
FNDA:0,(anonymous_3)
FNDA:0,(anonymous_4)
FNDA:0,(anonymous_5)
FNDA:0,(anonymous_6)
FNDA:0,(anonymous_7)
FNDA:2,(anonymous_8)
FNDA:2,(anonymous_9)
FNDA:1,(anonymous_10)
FNDA:0,(anonymous_11)
FNDA:0,(anonymous_12)
FNDA:0,(anonymous_13)
FNDA:0,(anonymous_14)
FNDA:1,(anonymous_15)
FNDA:1,(anonymous_16)
FNDA:0,(anonymous_17)
FNDA:0,(anonymous_18)
FNDA:0,(anonymous_19)
FNDA:1,(anonymous_20)
DA:12,8
DA:13,0
DA:19,8
DA:20,0
DA:26,8
DA:27,0
DA:28,0
DA:35,0
DA:37,0
DA:44,8
DA:45,0
DA:50,8
DA:51,0
DA:57,8
DA:58,2
DA:59,2
DA:66,1
DA:68,0
DA:74,0
DA:79,8
DA:80,0
DA:86,8
DA:87,0
DA:93,8
DA:94,1
DA:95,1
DA:103,0
DA:105,0
DA:110,0
DA:115,8
DA:116,1
LF:31
LH:16
BRDA:37,0,0,0
BRDA:37,0,1,0
BRDA:37,1,0,0
BRDA:37,1,1,0
BRDA:68,2,0,0
BRDA:68,2,1,0
BRDA:69,3,0,0
BRDA:69,3,1,0
BRDA:105,4,0,0
BRDA:105,4,1,0
BRF:10
BRH:0
end_of_record
TN:
SF:src/redux/auth/authReducer.js
FN:16,(anonymous_0)
FNF:1
FNH:1
FNDA:68,(anonymous_0)
DA:10,8
DA:12,8
DA:16,8
DA:17,68
DA:19,68
DA:21,0
DA:27,0
DA:33,0
DA:39,0
DA:46,0
DA:52,0
DA:58,1
DA:64,67
LF:13
LH:7
BRDA:12,0,0,0
BRDA:12,0,1,8
BRDA:16,1,0,42
BRDA:19,2,0,0
BRDA:19,2,1,0
BRDA:19,2,2,0
BRDA:19,2,3,0
BRDA:19,2,4,0
BRDA:19,2,5,0
BRDA:19,2,6,1
BRDA:19,2,7,67
BRF:11
BRH:4
end_of_record
TN:
SF:src/redux/auth/authTypes.js
FNF:0
FNH:0
DA:1,8
DA:2,8
DA:3,8
DA:4,8
DA:6,8
DA:7,8
DA:8,8
LF:7
LH:7
BRF:0
BRH:0
end_of_record
TN:
SF:src/redux/modal/modalActions.js
FN:3,(anonymous_0)
FN:9,(anonymous_1)
FNF:2
FNH:0
FNDA:0,(anonymous_0)
FNDA:0,(anonymous_1)
DA:3,8
DA:4,0
DA:9,8
DA:10,0
LF:4
LH:2
BRF:0
BRH:0
end_of_record
TN:
SF:src/redux/modal/modalReducer.js
FN:7,(anonymous_0)
FNF:1
FNH:1
FNDA:68,(anonymous_0)
DA:3,8
DA:7,8
DA:8,68
DA:10,0
DA:16,0
DA:22,68
LF:6
LH:4
BRDA:7,0,0,66
BRDA:8,1,0,0
BRDA:8,1,1,0
BRDA:8,1,2,68
BRF:4
BRH:2
end_of_record
TN:
SF:src/redux/modal/modalTypes.js
FNF:0
FNH:0
DA:1,8
DA:2,8
LF:2
LH:2
BRF:0
BRH:0
end_of_record
TN:
SF:tests/index.js
FNF:0
FNH:0
LF:0
LH:0
BRF:0
BRH:0
end_of_record
TN:
SF:tests/server-handlers.js
FN:33,(anonymous_0)
FN:36,(anonymous_1)
FN:42,(anonymous_2)
FN:49,(anonymous_3)
FN:57,(anonymous_4)
FNF:5
FNH:5
FNDA:2,(anonymous_0)
FNDA:1,(anonymous_1)
FNDA:30,(anonymous_2)
FNDA:1,(anonymous_3)
FNDA:1,(anonymous_4)
DA:4,8
DA:18,8
DA:29,8
DA:32,8
DA:34,2
DA:37,1
DA:43,30
DA:45,30
DA:51,1
DA:58,1
LF:10
LH:10
BRF:0
BRH:0
end_of_record
TN:
SF:tests/test-server.js
FNF:0
FNH:0
DA:6,8
LF:1
LH:1
BRF:0
BRH:0
end_of_record
TN:
SF:tests/test.utils.js
FN:17,render
FN:29,(anonymous_1)
FNF:2
FNH:2
FNDA:43,render
FNDA:43,(anonymous_1)
DA:15,8
DA:29,43
DA:30,43
DA:38,43
LF:4
LH:4
BRDA:19,0,0,17
BRDA:21,1,0,43
BRF:2
BRH:2
end_of_record
